#
# There is insufficient memory for the Java Runtime Environment to continue.
# Native memory allocation (malloc) failed to allocate 32744 bytes for ChunkPool::allocate
# Possible reasons:
#   The system is out of physical RAM or swap space
#   In 32 bit mode, the process size limit was hit
# Possible solutions:
#   Reduce memory load on the system
#   Increase physical memory or swap space
#   Check if swap backing store is full
#   Use 64 bit Java on a 64 bit OS
#   Decrease Java heap size (-Xmx/-Xms)
#   Decrease number of Java threads
#   Decrease Java thread stack sizes (-Xss)
#   Set larger code cache with -XX:ReservedCodeCacheSize=
# This output file may be truncated or incomplete.
#
#  Out of Memory Error (allocation.cpp:273), pid=8868, tid=10384
#
# JRE version: Java(TM) SE Runtime Environment (8.0_74-b02) (build 1.8.0_74-b02)
# Java VM: Java HotSpot(TM) 64-Bit Server VM (25.74-b02 mixed mode windows-amd64 compressed oops)
# Failed to write core dump. Minidumps are not enabled by default on client versions of Windows
#

---------------  T H R E A D  ---------------

Current thread (0x0000000054ecc000):  JavaThread "C2 CompilerThread1" daemon [_thread_in_native, id=10384, stack(0x0000000056710000,0x0000000056810000)]

Stack: [0x0000000056710000,0x0000000056810000]
[error occurred during error reporting (printing stack bounds), id 0xc0000005]

Native frames: (J=compiled Java code, j=interpreted, Vv=VM code, C=native code)


Current CompileTask:
C2:  16010 2241       4       com.android.dx.cf.code.Simulator$SimVisitor::visitNoArgs (2108 bytes)


---------------  P R O C E S S  ---------------

Java Threads: ( => current thread )
  0x0000000056b02000 JavaThread "pool-2-thread-4" [_thread_blocked, id=13640, stack(0x0000000057640000,0x0000000057740000)]
  0x0000000056afc800 JavaThread "pool-2-thread-3" [_thread_in_Java, id=8184, stack(0x0000000057400000,0x0000000057500000)]
  0x0000000056a8d000 JavaThread "pool-2-thread-2" [_thread_blocked, id=13784, stack(0x0000000057210000,0x0000000057310000)]
  0x0000000056a8c800 JavaThread "pool-3-thread-1" [_thread_blocked, id=15096, stack(0x0000000057020000,0x0000000057120000)]
  0x0000000056a8b800 JavaThread "pool-2-thread-1" [_thread_blocked, id=7852, stack(0x0000000056ec0000,0x0000000056fc0000)]
  0x000000005686d800 JavaThread "Service Thread" daemon [_thread_blocked, id=12448, stack(0x0000000055e60000,0x0000000055f60000)]
  0x0000000054ecd000 JavaThread "C1 CompilerThread2" daemon [_thread_blocked, id=10316, stack(0x0000000056180000,0x0000000056280000)]
=>0x0000000054ecc000 JavaThread "C2 CompilerThread1" daemon [_thread_in_native, id=10384, stack(0x0000000056710000,0x0000000056810000)]
  0x0000000054ec8000 JavaThread "C2 CompilerThread0" daemon [_thread_in_native, id=6104, stack(0x0000000056600000,0x0000000056700000)]
  0x0000000054ec4800 JavaThread "Attach Listener" daemon [_thread_blocked, id=14624, stack(0x0000000056440000,0x0000000056540000)]
  0x0000000054ec2800 JavaThread "Signal Dispatcher" daemon [_thread_blocked, id=13808, stack(0x0000000056290000,0x0000000056390000)]
  0x0000000054ea5000 JavaThread "Finalizer" daemon [_thread_blocked, id=8496, stack(0x0000000056080000,0x0000000056180000)]
  0x0000000054e64000 JavaThread "Reference Handler" daemon [_thread_blocked, id=6640, stack(0x0000000055f70000,0x0000000056070000)]
  0x0000000001e6e800 JavaThread "main" [_thread_blocked, id=11208, stack(0x0000000002190000,0x0000000002290000)]

Other Threads:
  0x0000000054e5c000 VMThread [stack: 0x0000000055ca0000,0x0000000055da0000] [id=7372]
  0x0000000056872800 WatcherThread [stack: 0x0000000056db0000,0x0000000056eb0000] [id=14620]

VM state:not at safepoint (normal execution)

VM Mutex/Monitor currently owned by a thread: None

Heap:
 PSYoungGen      total 138240K, used 72035K [0x00000000eab00000, 0x00000000f3700000, 0x0000000100000000)
  eden space 133120K, 50% used [0x00000000eab00000,0x00000000eec5fb00,0x00000000f2d00000)
  from space 5120K, 99% used [0x00000000f3200000,0x00000000f36f9428,0x00000000f3700000)
  to   space 5120K, 0% used [0x00000000f2d00000,0x00000000f2d00000,0x00000000f3200000)
 ParOldGen       total 87552K, used 23960K [0x00000000c0000000, 0x00000000c5580000, 0x00000000eab00000)
  object space 87552K, 27% used [0x00000000c0000000,0x00000000c1766078,0x00000000c5580000)
 Metaspace       used 6476K, capacity 7192K, committed 7424K, reserved 1056768K
  class space    used 626K, capacity 656K, committed 768K, reserved 1048576K

Card table byte_map: [0x0000000011920000,0x0000000011b30000] byte_map_base: 0x0000000011320000

Marking Bits: (ParMarkBitMap*) 0x0000000067a70600
 Begin Bits: [0x00000000122d0000, 0x00000000132d0000)
 End Bits:   [0x00000000132d0000, 0x00000000142d0000)

Polling page: 0x00000000000a0000

CodeCache: size=245760Kb used=10952Kb max_used=10963Kb free=234807Kb
 bounds [0x0000000002560000, 0x0000000003030000, 0x0000000011560000]
 total_blobs=2437 nmethods=2167 adapters=182
 compilation: enabled

Compilation events (10 events):
Event: 15.786 Thread 0x0000000054ecd000 nmethod 2236 0x000000000301d250 code [0x000000000301d6c0, 0x000000000301ff48]
Event: 15.788 Thread 0x0000000054ecd000 2237       3       com.android.dx.rop.cst.CstLiteralBits::<init> (5 bytes)
Event: 15.788 Thread 0x0000000054ecd000 nmethod 2237 0x0000000002ff9f10 code [0x0000000002ffa080, 0x0000000002ffa2f0]
Event: 15.848 Thread 0x0000000054ecc000 2238       4       com.android.dx.rop.cst.CstBaseMethodRef::getPrototype (41 bytes)
Event: 15.850 Thread 0x0000000054ecc000 nmethod 2238 0x0000000002ff4b10 code [0x0000000002ff4c60, 0x0000000002ff4d48]
Event: 15.868 Thread 0x0000000054ecc000 2240       4       com.android.dx.rop.code.RegisterSpec::getBasicType (10 bytes)
Event: 15.869 Thread 0x0000000054ecc000 nmethod 2240 0x0000000002ff7f50 code [0x0000000002ff80a0, 0x0000000002ff8138]
Event: 15.869 Thread 0x0000000054ecc000 2239       4       com.android.dx.rop.cst.CstMemberRef::<init> (43 bytes)
Event: 15.870 Thread 0x0000000054ecc000 nmethod 2239 0x0000000003002290 code [0x00000000030023c0, 0x0000000003002478]
Event: 15.871 Thread 0x0000000054ecc000 2241       4       com.android.dx.cf.code.Simulator$SimVisitor::visitNoArgs (2108 bytes)

GC Heap History (8 events):
Event: 2.661 GC heap before
{Heap before GC invocations=1 (full 0):
 PSYoungGen      total 38400K, used 33280K [0x00000000eab00000, 0x00000000ed580000, 0x0000000100000000)
  eden space 33280K, 100% used [0x00000000eab00000,0x00000000ecb80000,0x00000000ecb80000)
  from space 5120K, 0% used [0x00000000ed080000,0x00000000ed080000,0x00000000ed580000)
  to   space 5120K, 0% used [0x00000000ecb80000,0x00000000ecb80000,0x00000000ed080000)
 ParOldGen       total 87552K, used 0K [0x00000000c0000000, 0x00000000c5580000, 0x00000000eab00000)
  object space 87552K, 0% used [0x00000000c0000000,0x00000000c0000000,0x00000000c5580000)
 Metaspace       used 6025K, capacity 6962K, committed 7040K, reserved 1056768K
  class space    used 603K, capacity 618K, committed 640K, reserved 1048576K
Event: 2.716 GC heap after
Heap after GC invocations=1 (full 0):
 PSYoungGen      total 38400K, used 5116K [0x00000000eab00000, 0x00000000ef600000, 0x0000000100000000)
  eden space 33280K, 0% used [0x00000000eab00000,0x00000000eab00000,0x00000000ecb80000)
  from space 5120K, 99% used [0x00000000ecb80000,0x00000000ed07f290,0x00000000ed080000)
  to   space 5120K, 0% used [0x00000000ef100000,0x00000000ef100000,0x00000000ef600000)
 ParOldGen       total 87552K, used 712K [0x00000000c0000000, 0x00000000c5580000, 0x00000000eab00000)
  object space 87552K, 0% used [0x00000000c0000000,0x00000000c00b2270,0x00000000c5580000)
 Metaspace       used 6025K, capacity 6962K, committed 7040K, reserved 1056768K
  class space    used 603K, capacity 618K, committed 640K, reserved 1048576K
}
Event: 4.509 GC heap before
{Heap before GC invocations=2 (full 0):
 PSYoungGen      total 38400K, used 38396K [0x00000000eab00000, 0x00000000ef600000, 0x0000000100000000)
  eden space 33280K, 100% used [0x00000000eab00000,0x00000000ecb80000,0x00000000ecb80000)
  from space 5120K, 99% used [0x00000000ecb80000,0x00000000ed07f290,0x00000000ed080000)
  to   space 5120K, 0% used [0x00000000ef100000,0x00000000ef100000,0x00000000ef600000)
 ParOldGen       total 87552K, used 712K [0x00000000c0000000, 0x00000000c5580000, 0x00000000eab00000)
  object space 87552K, 0% used [0x00000000c0000000,0x00000000c00b2270,0x00000000c5580000)
 Metaspace       used 6201K, capacity 7090K, committed 7296K, reserved 1056768K
  class space    used 604K, capacity 618K, committed 640K, reserved 1048576K
Event: 4.532 GC heap after
Heap after GC invocations=2 (full 0):
 PSYoungGen      total 71680K, used 5095K [0x00000000eab00000, 0x00000000ef600000, 0x0000000100000000)
  eden space 66560K, 0% used [0x00000000eab00000,0x00000000eab00000,0x00000000eec00000)
  from space 5120K, 99% used [0x00000000ef100000,0x00000000ef5f9e30,0x00000000ef600000)
  to   space 5120K, 0% used [0x00000000eec00000,0x00000000eec00000,0x00000000ef100000)
 ParOldGen       total 87552K, used 4599K [0x00000000c0000000, 0x00000000c5580000, 0x00000000eab00000)
  object space 87552K, 5% used [0x00000000c0000000,0x00000000c047dc30,0x00000000c5580000)
 Metaspace       used 6201K, capacity 7090K, committed 7296K, reserved 1056768K
  class space    used 604K, capacity 618K, committed 640K, reserved 1048576K
}
Event: 8.465 GC heap before
{Heap before GC invocations=3 (full 0):
 PSYoungGen      total 71680K, used 71655K [0x00000000eab00000, 0x00000000ef600000, 0x0000000100000000)
  eden space 66560K, 100% used [0x00000000eab00000,0x00000000eec00000,0x00000000eec00000)
  from space 5120K, 99% used [0x00000000ef100000,0x00000000ef5f9e30,0x00000000ef600000)
  to   space 5120K, 0% used [0x00000000eec00000,0x00000000eec00000,0x00000000ef100000)
 ParOldGen       total 87552K, used 4599K [0x00000000c0000000, 0x00000000c5580000, 0x00000000eab00000)
  object space 87552K, 5% used [0x00000000c0000000,0x00000000c047dc30,0x00000000c5580000)
 Metaspace       used 6306K, capacity 7154K, committed 7296K, reserved 1056768K
  class space    used 605K, capacity 618K, committed 640K, reserved 1048576K
Event: 8.495 GC heap after
Heap after GC invocations=3 (full 0):
 PSYoungGen      total 71680K, used 5105K [0x00000000eab00000, 0x00000000f3700000, 0x0000000100000000)
  eden space 66560K, 0% used [0x00000000eab00000,0x00000000eab00000,0x00000000eec00000)
  from space 5120K, 99% used [0x00000000eec00000,0x00000000ef0fc748,0x00000000ef100000)
  to   space 5120K, 0% used [0x00000000f3200000,0x00000000f3200000,0x00000000f3700000)
 ParOldGen       total 87552K, used 14625K [0x00000000c0000000, 0x00000000c5580000, 0x00000000eab00000)
  object space 87552K, 16% used [0x00000000c0000000,0x00000000c0e487e8,0x00000000c5580000)
 Metaspace       used 6306K, capacity 7154K, committed 7296K, reserved 1056768K
  class space    used 605K, capacity 618K, committed 640K, reserved 1048576K
}
Event: 10.720 GC heap before
{Heap before GC invocations=4 (full 0):
 PSYoungGen      total 71680K, used 71665K [0x00000000eab00000, 0x00000000f3700000, 0x0000000100000000)
  eden space 66560K, 100% used [0x00000000eab00000,0x00000000eec00000,0x00000000eec00000)
  from space 5120K, 99% used [0x00000000eec00000,0x00000000ef0fc748,0x00000000ef100000)
  to   space 5120K, 0% used [0x00000000f3200000,0x00000000f3200000,0x00000000f3700000)
 ParOldGen       total 87552K, used 14625K [0x00000000c0000000, 0x00000000c5580000, 0x00000000eab00000)
  object space 87552K, 16% used [0x00000000c0000000,0x00000000c0e487e8,0x00000000c5580000)
 Metaspace       used 6424K, capacity 7192K, committed 7424K, reserved 1056768K
  class space    used 625K, capacity 656K, committed 768K, reserved 1048576K
Event: 10.832 GC heap after
Heap after GC invocations=4 (full 0):
 PSYoungGen      total 138240K, used 5093K [0x00000000eab00000, 0x00000000f3700000, 0x0000000100000000)
  eden space 133120K, 0% used [0x00000000eab00000,0x00000000eab00000,0x00000000f2d00000)
  from space 5120K, 99% used [0x00000000f3200000,0x00000000f36f9428,0x00000000f3700000)
  to   space 5120K, 0% used [0x00000000f2d00000,0x00000000f2d00000,0x00000000f3200000)
 ParOldGen       total 87552K, used 23960K [0x00000000c0000000, 0x00000000c5580000, 0x00000000eab00000)
  object space 87552K, 27% used [0x00000000c0000000,0x00000000c1766078,0x00000000c5580000)
 Metaspace       used 6424K, capacity 7192K, committed 7424K, reserved 1056768K
  class space    used 625K, capacity 656K, committed 768K, reserved 1048576K
}

Deoptimization events (10 events):
Event: 11.802 Thread 0x0000000056afc800 Uncommon trap: reason=unstable_if action=reinterpret pc=0x0000000002eec588 method=com.android.dx.cf.code.Merger.mergeLocals(Lcom/android/dx/cf/code/OneLocalsArray;Lcom/android/dx/cf/code/OneLocalsArray;)Lcom/android/dx/cf/code/OneLocalsArray; @ 84
Event: 11.817 Thread 0x0000000056afc800 Uncommon trap: reason=unstable_if action=reinterpret pc=0x0000000002ec7c2c method=com.android.dx.cf.code.Simulator$SimVisitor.visitLocal(IIIILcom/android/dx/rop/type/Type;I)V @ 222
Event: 11.838 Thread 0x0000000056a8d000 Uncommon trap: reason=bimorphic action=maybe_recompile pc=0x0000000002acba5c method=com.android.dx.ssa.LiteralOpUpgrader.tryReplacingWithConstant(Lcom/android/dx/ssa/NormalSsaInsn;)Z @ 62
Event: 12.757 Thread 0x0000000056a8d000 Uncommon trap: reason=unstable_if action=reinterpret pc=0x0000000002eb0b30 method=com.android.dx.cf.code.Merger.mergeLocals(Lcom/android/dx/cf/code/OneLocalsArray;Lcom/android/dx/cf/code/OneLocalsArray;)Lcom/android/dx/cf/code/OneLocalsArray; @ 84
Event: 13.151 Thread 0x0000000056a8d000 Uncommon trap: reason=unstable_if action=reinterpret pc=0x0000000002e31980 method=com.android.dx.cf.code.RopperMachine.run(Lcom/android/dx/cf/code/Frame;II)V @ 1500
Event: 13.189 Thread 0x0000000056a8b800 Uncommon trap: reason=unstable_if action=reinterpret pc=0x0000000002f242c4 method=com.android.dx.cf.code.Ropper.isSynchronized()Z @ 12
Event: 13.190 Thread 0x0000000056a8b800 Uncommon trap: reason=unstable_if action=reinterpret pc=0x0000000002abde30 method=com.android.dx.ssa.MoveParamCombiner$1.visitNonMoveInsn(Lcom/android/dx/ssa/NormalSsaInsn;)V @ 27
Event: 14.443 Thread 0x0000000056b02000 Uncommon trap: reason=unstable_if action=reinterpret pc=0x0000000002be1a04 method=java.util.HashMap.resize()[Ljava/util/HashMap$Node; @ 206
Event: 14.994 Thread 0x0000000056b02000 Uncommon trap: reason=bimorphic action=maybe_recompile pc=0x0000000002b99358 method=com.android.dx.ssa.SCCP.simulatePhi(Lcom/android/dx/ssa/PhiInsn;)V @ 124
Event: 15.003 Thread 0x0000000056b02000 Uncommon trap: reason=bimorphic action=maybe_recompile pc=0x0000000002b99358 method=com.android.dx.ssa.SCCP.simulatePhi(Lcom/android/dx/ssa/PhiInsn;)V @ 124

Internal exceptions (7 events):
Event: 0.261 Thread 0x0000000001e6e800 Exception <a 'java/lang/NoSuchMethodError': Method sun.misc.Unsafe.defineClass(Ljava/lang/String;[BII)Ljava/lang/Class; name or signature does not match> (0x00000000eab07cc0) thrown at [C:\re\workspace\8-2-build-windows-amd64-cygwin\jdk8u74\6087\hotspot\srÉEKD¼Ð?
Event: 0.261 Thread 0x0000000001e6e800 Exception <a 'java/lang/NoSuchMethodError': Method sun.misc.Unsafe.prefetchRead(Ljava/lang/Object;J)V name or signature does not match> (0x00000000eab07fa8) thrown at [C:\re\workspace\8-2-build-windows-amd64-cygwin\jdk8u74\6087\hotspot\src\share\vm\prims\jTÅ×¿´@
Event: 4.177 Thread 0x0000000056a8b800 Implicit null exception at 0x0000000002b7659b to 0x0000000002b78cb9
Event: 9.673 Thread 0x0000000056afc800 Exception <a 'java/lang/ArrayIndexOutOfBoundsException': 18> (0x00000000edbb1598) thrown at [C:\re\workspace\8-2-build-windows-amd64-cygwin\jdk8u74\6087\hotspot\src\share\vm\interpreter\interpreterRuntime.cpp, line 366]
Event: 9.674 Thread 0x0000000056afc800 Exception <a 'java/lang/ArrayIndexOutOfBoundsException': 145> (0x00000000edbb3118) thrown at [C:\re\workspace\8-2-build-windows-amd64-cygwin\jdk8u74\6087\hotspot\src\share\vm\interpreter\interpreterRuntime.cpp, line 366]
Event: 9.675 Thread 0x0000000056afc800 Exception <a 'java/lang/ArrayIndexOutOfBoundsException'> (0x00000000edbb4400) thrown at [C:\re\workspace\8-2-build-windows-amd64-cygwin\jdk8u74\6087\hotspot\src\share\vm\runtime\sharedRuntime.cpp, line 605]
Event: 11.817 Thread 0x0000000056afc800 Implicit null exception at 0x0000000002ec6543 to 0x0000000002ec7bf1

Events (10 events):
Event: 13.190 Thread 0x0000000056a8b800 DEOPT UNPACKING pc=0x00000000025a582a sp=0x0000000056fbea18 mode 2
Event: 14.443 Thread 0x0000000056b02000 Uncommon trap: trap_request=0xffffff65 fr.pc=0x0000000002be1a04
Event: 14.443 Thread 0x0000000056b02000 DEOPT PACKING pc=0x0000000002be1a04 sp=0x000000005773e130
Event: 14.443 Thread 0x0000000056b02000 DEOPT UNPACKING pc=0x00000000025a582a sp=0x000000005773e098 mode 2
Event: 14.994 Thread 0x0000000056b02000 Uncommon trap: trap_request=0xffffffc6 fr.pc=0x0000000002b99358
Event: 14.994 Thread 0x0000000056b02000 DEOPT PACKING pc=0x0000000002b99358 sp=0x000000005773ea70
Event: 14.994 Thread 0x0000000056b02000 DEOPT UNPACKING pc=0x00000000025a582a sp=0x000000005773e9f8 mode 2
Event: 15.003 Thread 0x0000000056b02000 Uncommon trap: trap_request=0xffffffc6 fr.pc=0x0000000002b99358
Event: 15.003 Thread 0x0000000056b02000 DEOPT PACKING pc=0x0000000002b99358 sp=0x000000005773e9c0
Event: 15.003 Thread 0x0000000056b02000 DEOPT UNPACKING pc=0x00000000025a582a sp=0x000000005773e948 mode 2


Dynamic libraries:
0x000000013f550000 - 0x000000013f587000 	C:\Program Files\Java\jdk1.8.0_74\bin\java.exe
0x0000000076d00000 - 0x0000000076eaa000 	C:\Windows\SYSTEM32\ntdll.dll
0x0000000076be0000 - 0x0000000076cff000 	C:\Windows\system32\kernel32.dll
0x000007fefcae0000 - 0x000007fefcb4a000 	C:\Windows\system32\KERNELBASE.dll
0x000007fefec00000 - 0x000007fefecdb000 	C:\Windows\system32\ADVAPI32.dll
0x000007fefd520000 - 0x000007fefd5bf000 	C:\Windows\system32\msvcrt.dll
0x000007fefeff0000 - 0x000007feff00f000 	C:\Windows\SYSTEM32\sechost.dll
0x000007fefece0000 - 0x000007fefee0d000 	C:\Windows\system32\RPCRT4.dll
0x0000000076ae0000 - 0x0000000076bda000 	C:\Windows\system32\USER32.dll
0x000007fefeb80000 - 0x000007fefebe7000 	C:\Windows\system32\GDI32.dll
0x000007fefcf80000 - 0x000007fefcf8e000 	C:\Windows\system32\LPK.dll
0x000007fefea30000 - 0x000007fefeafa000 	C:\Windows\system32\USP10.dll
0x000007fefbab0000 - 0x000007fefbca4000 	C:\Windows\WinSxS\amd64_microsoft.windows.common-controls_6595b64144ccf1df_6.0.7601.18837_none_fa3b1e3d17594757\COMCTL32.dll
0x000007fefeb00000 - 0x000007fefeb71000 	C:\Windows\system32\SHLWAPI.dll
0x000007fefe440000 - 0x000007fefe46e000 	C:\Windows\system32\IMM32.DLL
0x000007fefd410000 - 0x000007fefd519000 	C:\Windows\system32\MSCTF.dll
0x0000000062570000 - 0x0000000062642000 	C:\Program Files\Java\jdk1.8.0_74\jre\bin\msvcr100.dll
0x0000000067260000 - 0x0000000067af0000 	C:\Program Files\Java\jdk1.8.0_74\jre\bin\server\jvm.dll
0x000007fefaa30000 - 0x000007fefaa39000 	C:\Windows\system32\WSOCK32.dll
0x000007fefd5c0000 - 0x000007fefd60d000 	C:\Windows\system32\WS2_32.dll
0x000007fefebf0000 - 0x000007fefebf8000 	C:\Windows\system32\NSI.dll
0x000007fefb180000 - 0x000007fefb1bb000 	C:\Windows\system32\WINMM.dll
0x000007fefb800000 - 0x000007fefb80c000 	C:\Windows\system32\VERSION.dll
0x0000000076ed0000 - 0x0000000076ed7000 	C:\Windows\system32\PSAPI.DLL
0x000000006e800000 - 0x000000006e80f000 	C:\Program Files\Java\jdk1.8.0_74\jre\bin\verify.dll
0x000000006e2b0000 - 0x000000006e2d9000 	C:\Program Files\Java\jdk1.8.0_74\jre\bin\java.dll
0x000000006e1e0000 - 0x000000006e1f6000 	C:\Program Files\Java\jdk1.8.0_74\jre\bin\zip.dll
0x000007fefd610000 - 0x000007fefe399000 	C:\Windows\system32\SHELL32.dll
0x000007fefe820000 - 0x000007fefea23000 	C:\Windows\system32\ole32.dll
0x000007fefca80000 - 0x000007fefca8f000 	C:\Windows\system32\profapi.dll

VM Arguments:
jvm_args: -Djava.awt.headless=true -Xmx1024M -Dfile.encoding=windows-1252 -Duser.country=US -Duser.language=en -Duser.variant 
java_command: com.android.dx.command.Main --dex --force-jumbo --num-threads=4 --multi-dex --output C:\Anirudh\Learn\Udacity\AndroidBasics\InventoryApp\app\build\intermediates\transforms\dex\debug\folders\1000\10\com.android.support-appcompat-v7-24.0.0_2bc01a1ad636aaa034f02bf22c49fbb2bc76af4f C:\Anirudh\Learn\Udacity\AndroidBasics\InventoryApp\app\build\intermediates\exploded-aar\com.android.support\appcompat-v7\24.0.0\jars\classes.jar
java_class_path (initial): C:\Users\anirudha.joshi\AppData\Local\Android\sdk\build-tools\23.0.3\lib\dx.jar
Launcher Type: SUN_STANDARD

Environment Variables:
PATH=C:\ProgramData\Oracle\Java\javapath;c:\Program Files (x86)\Intel\iCLS Client\;c:\Program Files\Intel\iCLS Client\;C:\Windows\SYSTEM32;C:\Windows;C:\Windows\SYSTEM32\WBEM;C:\Windows\SYSTEM32\WINDOWSPOWERSHELL\V1.0\;C:\PROGRAM FILES (X86)\ATI TECHNOLOGIES\ATI.ACE\CORE-STATIC;C:\PROGRAM FILES (X86)\COMMON FILES\ROXIO SHARED\OEM\DLLSHARED\;C:\PROGRAM FILES (X86)\COMMON FILES\ROXIO SHARED\OEM\DLLSHARED\;C:\PROGRAM FILES (X86)\COMMON FILES\ROXIO SHARED\OEM\12.0\DLLSHARED\;C:\PROGRAM FILES (X86)\ROXIO\OEM\AUDIOCORE\;C:\PROGRAM FILES (X86)\INTEL\SERVICES\IPT\;c:\Program Files\WIDCOMM\Bluetooth Software\;c:\Program Files\WIDCOMM\Bluetooth Software\syswow64;C:\Program Files\Intel\Intel(R) Management Engine Components\DAL;C:\Program Files\Intel\Intel(R) Management Engine Components\IPT;C:\Program Files (x86)\Intel\Intel(R) Management Engine Components\DAL;C:\Program Files (x86)\Intel\Intel(R) Management Engine Components\IPT;C:\Program Files (x86)\Microsoft SQL Server\100\Tools\Binn\;C:\Program Files\Microsoft SQL Server\100\Tools\Binn\;C:\Program Files\Microsoft SQL Server\100\DTS\Binn\;C:\Program Files (x86)\Microsoft SQL Server\100\Tools\Binn\VSShell\Common7\IDE\;C:\Program Files (x86)\Microsoft Visual Studio 9.0\Common7\IDE\PrivateAssemblies\;C:\Program Files (x86)\Microsoft SQL Server\100\DTS\Binn\;c:\Program Files\Microsoft SQL Server\110\Tools\Binn\;c:\Program Files (x86)\Microsoft SQL Server\110\Tools\Binn\;c:\Program Files\Microsoft SQL Server\110\DTS\Binn\;c:\Program Files (x86)\Microsoft SQL Server\110\Tools\Binn\ManagementStudio\;c:\Program Files (x86)\Microsoft SQL Server\110\DTS\Binn\;C:\opscode\chef\bin\;C:\Program Files\Microsoft SQL Server\130\Tools\Binn\;C:\Anirudh\Learn\Udacity\Python\Scripts\;C:\Anirudh\Learn\Udacity\Python\;C:\Chocolatey\bin;C:\Users\anirudha.joshi\AppData\Roaming\scriptcs;c:\Inveshare\projects\xsd;
USERNAME=Anirudha.Joshi
OS=Windows_NT
PROCESSOR_IDENTIFIER=Intel64 Family 6 Model 69 Stepping 1, GenuineIntel



---------------  S Y S T E M  ---------------

OS: Windows 7 , 64 bit Build 7601 (6.1.7601.23418)

CPU:total 4 (2 cores per cpu, 2 threads per core) family 6 model 69 stepping 1, cmov, cx8, fxsr, mmx, sse, sse2, sse3, ssse3, sse4.1, sse4.2, popcnt, avx, avx2, aes, clmul, erms, lzcnt, ht, tsc, tscinvbit, bmi1, bmi2

Memory: 4k page, physical 8283248k(214512k free), swap 12475692k(5068k free)

vm_info: Java HotSpot(TM) 64-Bit Server VM (25.74-b02) for windows-amd64 JRE (1.8.0_74-b02), built on Jan 29 2016 17:42:36 by "java_re" with MS VC++ 10.0 (VS2010)

time: Sat Jul 16 12:34:39 2016
elapsed time: 16 seconds (0d 0h 0m 16s)

