#
# There is insufficient memory for the Java Runtime Environment to continue.
# Native memory allocation (malloc) failed to allocate 430416 bytes for Chunk::new
# Possible reasons:
#   The system is out of physical RAM or swap space
#   In 32 bit mode, the process size limit was hit
# Possible solutions:
#   Reduce memory load on the system
#   Increase physical memory or swap space
#   Check if swap backing store is full
#   Use 64 bit Java on a 64 bit OS
#   Decrease Java heap size (-Xmx/-Xms)
#   Decrease number of Java threads
#   Decrease Java thread stack sizes (-Xss)
#   Set larger code cache with -XX:ReservedCodeCacheSize=
# This output file may be truncated or incomplete.
#
#  Out of Memory Error (allocation.cpp:390), pid=12452, tid=9184
#
# JRE version: Java(TM) SE Runtime Environment (8.0_74-b02) (build 1.8.0_74-b02)
# Java VM: Java HotSpot(TM) 64-Bit Server VM (25.74-b02 mixed mode windows-amd64 compressed oops)
# Failed to write core dump. Minidumps are not enabled by default on client versions of Windows
#

---------------  T H R E A D  ---------------

Current thread (0x00000000560b7000):  JavaThread "C2 CompilerThread1" daemon [_thread_in_native, id=9184, stack(0x0000000056b90000,0x0000000056c90000)]

Stack: [0x0000000056b90000,0x0000000056c90000]
[error occurred during error reporting (printing stack bounds), id 0xc0000005]

Native frames: (J=compiled Java code, j=interpreted, Vv=VM code, C=native code)


Current CompileTask:
C2:   6765 1696       4       com.android.dx.ssa.SsaBasicBlock::newFromRop (183 bytes)


---------------  P R O C E S S  ---------------

Java Threads: ( => current thread )
  0x0000000056414000 JavaThread "pool-2-thread-4" [_thread_blocked, id=13296, stack(0x0000000057d70000,0x0000000057e70000)]
  0x0000000056366800 JavaThread "pool-2-thread-3" [_thread_blocked, id=12428, stack(0x0000000057b20000,0x0000000057c20000)]
  0x0000000056e2d000 JavaThread "pool-2-thread-2" [_thread_blocked, id=12040, stack(0x0000000057980000,0x0000000057a80000)]
  0x0000000056339800 JavaThread "pool-3-thread-1" [_thread_blocked, id=12156, stack(0x0000000057750000,0x0000000057850000)]
  0x000000005634b000 JavaThread "pool-2-thread-1" [_thread_blocked, id=7148, stack(0x0000000057640000,0x0000000057740000)]
  0x00000000560ba800 JavaThread "Service Thread" daemon [_thread_blocked, id=14560, stack(0x0000000056910000,0x0000000056a10000)]
  0x00000000560b8000 JavaThread "C1 CompilerThread2" daemon [_thread_in_vm, id=12552, stack(0x0000000056670000,0x0000000056770000)]
=>0x00000000560b7000 JavaThread "C2 CompilerThread1" daemon [_thread_in_native, id=9184, stack(0x0000000056b90000,0x0000000056c90000)]
  0x00000000560b3000 JavaThread "C2 CompilerThread0" daemon [_thread_in_native, id=14652, stack(0x0000000056a20000,0x0000000056b20000)]
  0x0000000054b85800 JavaThread "Attach Listener" daemon [_thread_blocked, id=14416, stack(0x0000000056770000,0x0000000056870000)]
  0x00000000560bc800 JavaThread "Signal Dispatcher" daemon [_thread_blocked, id=8628, stack(0x0000000056570000,0x0000000056670000)]
  0x0000000054b6d000 JavaThread "Finalizer" daemon [_thread_blocked, id=7720, stack(0x0000000055fb0000,0x00000000560b0000)]
  0x0000000054b23800 JavaThread "Reference Handler" daemon [_thread_blocked, id=15356, stack(0x0000000055e20000,0x0000000055f20000)]
  0x00000000002ce800 JavaThread "main" [_thread_blocked, id=15220, stack(0x0000000002120000,0x0000000002220000)]

Other Threads:
  0x0000000054b1c000 VMThread [stack: 0x0000000055c30000,0x0000000055d30000] [id=14352]
  0x0000000056148000 WatcherThread [stack: 0x0000000056d20000,0x0000000056e20000] [id=15340]

VM state:not at safepoint (normal execution)

VM Mutex/Monitor currently owned by a thread: None

Heap:
 PSYoungGen      total 71680K, used 10460K [0x00000000eab00000, 0x00000000ef600000, 0x0000000100000000)
  eden space 66560K, 8% used [0x00000000eab00000,0x00000000eb03e910,0x00000000eec00000)
  from space 5120K, 99% used [0x00000000eec00000,0x00000000ef0f88d8,0x00000000ef100000)
  to   space 5120K, 0% used [0x00000000ef100000,0x00000000ef100000,0x00000000ef600000)
 ParOldGen       total 87552K, used 12264K [0x00000000c0000000, 0x00000000c5580000, 0x00000000eab00000)
  object space 87552K, 14% used [0x00000000c0000000,0x00000000c0bfa3e8,0x00000000c5580000)
 Metaspace       used 6187K, capacity 7090K, committed 7296K, reserved 1056768K
  class space    used 604K, capacity 618K, committed 640K, reserved 1048576K

Card table byte_map: [0x00000000118b0000,0x0000000011ac0000] byte_map_base: 0x00000000112b0000

Marking Bits: (ParMarkBitMap*) 0x0000000067a70600
 Begin Bits: [0x0000000011f90000, 0x0000000012f90000)
 End Bits:   [0x0000000012f90000, 0x0000000013f90000)

Polling page: 0x0000000000210000

CodeCache: size=245760Kb used=6151Kb max_used=6151Kb free=239608Kb
 bounds [0x00000000024f0000, 0x0000000002b00000, 0x00000000114f0000]
 total_blobs=1940 nmethods=1671 adapters=182
 compilation: enabled

Compilation events (10 events):
Event: 6.755 Thread 0x00000000560b8000 1731       2       com.android.dx.ssa.LiteralOpUpgrader::run (21 bytes)
Event: 6.755 Thread 0x00000000560b8000 nmethod 1731 0x0000000002af1850 code [0x0000000002af19c0, 0x0000000002af1bc8]
Event: 6.755 Thread 0x00000000560b8000 1733       2       com.android.dx.ssa.LiteralOpUpgrader::process (14 bytes)
Event: 6.756 Thread 0x00000000560b8000 nmethod 1733 0x0000000002af1cd0 code [0x0000000002af1e40, 0x0000000002af2088]
Event: 6.756 Thread 0x00000000560b8000 1734       2       com.android.dx.ssa.LiteralOpUpgrader::<init> (10 bytes)
Event: 6.756 Thread 0x00000000560b8000 nmethod 1734 0x0000000002af21d0 code [0x0000000002af2320, 0x0000000002af2490]
Event: 6.756 Thread 0x00000000560b8000 1715       2       com.android.dx.ssa.MoveParamCombiner::<init> (10 bytes)
Event: 6.757 Thread 0x00000000560b8000 nmethod 1715 0x0000000002af2510 code [0x0000000002af2660, 0x0000000002af27d0]
Event: 6.757 Thread 0x00000000560b8000 1738       2       com.android.dx.ssa.back.FirstFitLocalCombiningAllocator$1::<init> (10 bytes)
Event: 6.757 Thread 0x00000000560b8000 nmethod 1738 0x0000000002af2850 code [0x0000000002af29a0, 0x0000000002af2b10]

GC Heap History (6 events):
Event: 3.788 GC heap before
{Heap before GC invocations=1 (full 0):
 PSYoungGen      total 38400K, used 33280K [0x00000000eab00000, 0x00000000ed580000, 0x0000000100000000)
  eden space 33280K, 100% used [0x00000000eab00000,0x00000000ecb80000,0x00000000ecb80000)
  from space 5120K, 0% used [0x00000000ed080000,0x00000000ed080000,0x00000000ed580000)
  to   space 5120K, 0% used [0x00000000ecb80000,0x00000000ecb80000,0x00000000ed080000)
 ParOldGen       total 87552K, used 0K [0x00000000c0000000, 0x00000000c5580000, 0x00000000eab00000)
  object space 87552K, 0% used [0x00000000c0000000,0x00000000c0000000,0x00000000c5580000)
 Metaspace       used 5852K, capacity 6768K, committed 7040K, reserved 1056768K
  class space    used 601K, capacity 616K, committed 640K, reserved 1048576K
Event: 3.838 GC heap after
Heap after GC invocations=1 (full 0):
 PSYoungGen      total 38400K, used 4584K [0x00000000eab00000, 0x00000000ef600000, 0x0000000100000000)
  eden space 33280K, 0% used [0x00000000eab00000,0x00000000eab00000,0x00000000ecb80000)
  from space 5120K, 89% used [0x00000000ecb80000,0x00000000ecffa2c8,0x00000000ed080000)
  to   space 5120K, 0% used [0x00000000ef100000,0x00000000ef100000,0x00000000ef600000)
 ParOldGen       total 87552K, used 16K [0x00000000c0000000, 0x00000000c5580000, 0x00000000eab00000)
  object space 87552K, 0% used [0x00000000c0000000,0x00000000c0004000,0x00000000c5580000)
 Metaspace       used 5852K, capacity 6768K, committed 7040K, reserved 1056768K
  class space    used 601K, capacity 616K, committed 640K, reserved 1048576K
}
Event: 4.365 GC heap before
{Heap before GC invocations=2 (full 0):
 PSYoungGen      total 38400K, used 37864K [0x00000000eab00000, 0x00000000ef600000, 0x0000000100000000)
  eden space 33280K, 100% used [0x00000000eab00000,0x00000000ecb80000,0x00000000ecb80000)
  from space 5120K, 89% used [0x00000000ecb80000,0x00000000ecffa2c8,0x00000000ed080000)
  to   space 5120K, 0% used [0x00000000ef100000,0x00000000ef100000,0x00000000ef600000)
 ParOldGen       total 87552K, used 16K [0x00000000c0000000, 0x00000000c5580000, 0x00000000eab00000)
  object space 87552K, 0% used [0x00000000c0000000,0x00000000c0004000,0x00000000c5580000)
 Metaspace       used 6008K, capacity 6898K, committed 7040K, reserved 1056768K
  class space    used 604K, capacity 618K, committed 640K, reserved 1048576K
Event: 4.399 GC heap after
Heap after GC invocations=2 (full 0):
 PSYoungGen      total 71680K, used 5094K [0x00000000eab00000, 0x00000000ef600000, 0x0000000100000000)
  eden space 66560K, 0% used [0x00000000eab00000,0x00000000eab00000,0x00000000eec00000)
  from space 5120K, 99% used [0x00000000ef100000,0x00000000ef5f9b48,0x00000000ef600000)
  to   space 5120K, 0% used [0x00000000eec00000,0x00000000eec00000,0x00000000ef100000)
 ParOldGen       total 87552K, used 3886K [0x00000000c0000000, 0x00000000c5580000, 0x00000000eab00000)
  object space 87552K, 4% used [0x00000000c0000000,0x00000000c03cbb98,0x00000000c5580000)
 Metaspace       used 6008K, capacity 6898K, committed 7040K, reserved 1056768K
  class space    used 604K, capacity 618K, committed 640K, reserved 1048576K
}
Event: 5.931 GC heap before
{Heap before GC invocations=3 (full 0):
 PSYoungGen      total 71680K, used 71654K [0x00000000eab00000, 0x00000000ef600000, 0x0000000100000000)
  eden space 66560K, 100% used [0x00000000eab00000,0x00000000eec00000,0x00000000eec00000)
  from space 5120K, 99% used [0x00000000ef100000,0x00000000ef5f9b48,0x00000000ef600000)
  to   space 5120K, 0% used [0x00000000eec00000,0x00000000eec00000,0x00000000ef100000)
 ParOldGen       total 87552K, used 3886K [0x00000000c0000000, 0x00000000c5580000, 0x00000000eab00000)
  object space 87552K, 4% used [0x00000000c0000000,0x00000000c03cbb98,0x00000000c5580000)
 Metaspace       used 6164K, capacity 7090K, committed 7296K, reserved 1056768K
  class space    used 604K, capacity 618K, committed 640K, reserved 1048576K
Event: 6.420 GC heap after
Heap after GC invocations=3 (full 0):
 PSYoungGen      total 71680K, used 5090K [0x00000000eab00000, 0x00000000ef600000, 0x0000000100000000)
  eden space 66560K, 0% used [0x00000000eab00000,0x00000000eab00000,0x00000000eec00000)
  from space 5120K, 99% used [0x00000000eec00000,0x00000000ef0f88d8,0x00000000ef100000)
  to   space 5120K, 0% used [0x00000000ef100000,0x00000000ef100000,0x00000000ef600000)
 ParOldGen       total 87552K, used 12264K [0x00000000c0000000, 0x00000000c5580000, 0x00000000eab00000)
  object space 87552K, 14% used [0x00000000c0000000,0x00000000c0bfa3e8,0x00000000c5580000)
 Metaspace       used 6164K, capacity 7090K, committed 7296K, reserved 1056768K
  class space    used 604K, capacity 618K, committed 640K, reserved 1048576K
}

Deoptimization events (10 events):
Event: 4.448 Thread 0x00000000002ce800 Uncommon trap: reason=bimorphic action=maybe_recompile pc=0x0000000002762790 method=java.util.HashMap.getNode(ILjava/lang/Object;)Ljava/util/HashMap$Node; @ 126
Event: 4.448 Thread 0x00000000002ce800 Uncommon trap: reason=class_check action=maybe_recompile pc=0x0000000002920c70 method=java.util.HashMap.putVal(ILjava/lang/Object;Ljava/lang/Object;ZZ)Ljava/lang/Object; @ 203
Event: 4.448 Thread 0x00000000002ce800 Uncommon trap: reason=bimorphic action=maybe_recompile pc=0x0000000002762790 method=java.util.HashMap.getNode(ILjava/lang/Object;)Ljava/util/HashMap$Node; @ 126
Event: 4.448 Thread 0x00000000002ce800 Uncommon trap: reason=bimorphic action=maybe_recompile pc=0x0000000002762790 method=java.util.HashMap.getNode(ILjava/lang/Object;)Ljava/util/HashMap$Node; @ 126
Event: 4.448 Thread 0x00000000002ce800 Uncommon trap: reason=class_check action=maybe_recompile pc=0x0000000002920c70 method=java.util.HashMap.putVal(ILjava/lang/Object;Ljava/lang/Object;ZZ)Ljava/lang/Object; @ 203
Event: 4.481 Thread 0x0000000056e2d000 Uncommon trap: reason=unstable_if action=reinterpret pc=0x00000000027da95c method=com.android.dx.rop.code.RegisterSpecSet.put(Lcom/android/dx/rop/code/RegisterSpec;)V @ 77
Event: 4.481 Thread 0x0000000056e2d000 Uncommon trap: reason=unstable_if action=reinterpret pc=0x00000000028e6618 method=com.android.dx.rop.code.RegisterSpecSet.put(Lcom/android/dx/rop/code/RegisterSpec;)V @ 77
Event: 4.569 Thread 0x0000000056366800 Uncommon trap: reason=null_check action=make_not_entrant pc=0x00000000027b2cb4 method=com.android.dx.ssa.SsaRenamer.getLocalForNewReg(I)Lcom/android/dx/rop/code/LocalItem; @ 19
Event: 4.861 Thread 0x000000005634b000 Uncommon trap: reason=unstable_if action=reinterpret pc=0x00000000029114ac method=com.android.dx.util.IntList.binarysearch(I)I @ 105
Event: 5.049 Thread 0x0000000056e2d000 Uncommon trap: reason=unstable_if action=reinterpret pc=0x000000000290ec8c method=com.android.dx.ssa.SsaMethod.updateOneDefinition(Lcom/android/dx/ssa/SsaInsn;Lcom/android/dx/rop/code/RegisterSpec;)V @ 4

Internal exceptions (4 events):
Event: 0.942 Thread 0x00000000002ce800 Exception <a 'java/lang/NoSuchMethodError': Method sun.misc.Unsafe.defineClass(Ljava/lang/String;[BII)Ljava/lang/Class; name or signature does not match> (0x00000000eab07cc0) thrown at [C:\re\workspace\8-2-build-windows-amd64-cygwin\jdk8u74\6087\hotspot\sr^Æè×D%î?
Event: 0.942 Thread 0x00000000002ce800 Exception <a 'java/lang/NoSuchMethodError': Method sun.misc.Unsafe.prefetchRead(Ljava/lang/Object;J)V name or signature does not match> (0x00000000eab07fa8) thrown at [C:\re\workspace\8-2-build-windows-amd64-cygwin\jdk8u74\6087\hotspot\src\share\vm\prims\j^ƒÓ²a@
Event: 4.095 Thread 0x0000000056e2d000 Implicit null exception at 0x00000000027db052 to 0x00000000027db159
Event: 4.569 Thread 0x0000000056366800 Implicit null exception at 0x00000000027b1527 to 0x00000000027b2c6d

Events (10 events):
Event: 5.194 Thread 0x0000000056e2d000 DEOPT PACKING pc=0x000000000296fb28 sp=0x0000000057a7e7f0
Event: 5.194 Thread 0x0000000056e2d000 DEOPT UNPACKING pc=0x000000000253787f sp=0x0000000057a7e638 mode 0
Event: 5.365 Thread 0x0000000056414000 DEOPT PACKING pc=0x000000000293ecc4 sp=0x0000000057e6e820
Event: 5.365 Thread 0x0000000056414000 DEOPT UNPACKING pc=0x000000000253787f sp=0x0000000057e6e510 mode 0
Event: 5.427 Executing VM operation: EnableBiasedLocking
Event: 5.428 Executing VM operation: EnableBiasedLocking done
Event: 5.493 Thread 0x0000000056366800 DEOPT PACKING pc=0x0000000002874f05 sp=0x0000000057c1eb50
Event: 5.493 Thread 0x0000000056366800 DEOPT UNPACKING pc=0x000000000253787f sp=0x0000000057c1e8f0 mode 0
Event: 5.931 Executing VM operation: ParallelGCFailedAllocation
Event: 6.420 Executing VM operation: ParallelGCFailedAllocation done


Dynamic libraries:
0x000000013f550000 - 0x000000013f587000 	C:\Program Files\Java\jdk1.8.0_74\bin\java.exe
0x0000000076d00000 - 0x0000000076eaa000 	C:\Windows\SYSTEM32\ntdll.dll
0x0000000076be0000 - 0x0000000076cff000 	C:\Windows\system32\kernel32.dll
0x000007fefcae0000 - 0x000007fefcb4a000 	C:\Windows\system32\KERNELBASE.dll
0x000007fefec00000 - 0x000007fefecdb000 	C:\Windows\system32\ADVAPI32.dll
0x000007fefd520000 - 0x000007fefd5bf000 	C:\Windows\system32\msvcrt.dll
0x000007fefeff0000 - 0x000007feff00f000 	C:\Windows\SYSTEM32\sechost.dll
0x000007fefece0000 - 0x000007fefee0d000 	C:\Windows\system32\RPCRT4.dll
0x0000000076ae0000 - 0x0000000076bda000 	C:\Windows\system32\USER32.dll
0x000007fefeb80000 - 0x000007fefebe7000 	C:\Windows\system32\GDI32.dll
0x000007fefcf80000 - 0x000007fefcf8e000 	C:\Windows\system32\LPK.dll
0x000007fefea30000 - 0x000007fefeafa000 	C:\Windows\system32\USP10.dll
0x000007fefbab0000 - 0x000007fefbca4000 	C:\Windows\WinSxS\amd64_microsoft.windows.common-controls_6595b64144ccf1df_6.0.7601.18837_none_fa3b1e3d17594757\COMCTL32.dll
0x000007fefeb00000 - 0x000007fefeb71000 	C:\Windows\system32\SHLWAPI.dll
0x000007fefe440000 - 0x000007fefe46e000 	C:\Windows\system32\IMM32.DLL
0x000007fefd410000 - 0x000007fefd519000 	C:\Windows\system32\MSCTF.dll
0x0000000062570000 - 0x0000000062642000 	C:\Program Files\Java\jdk1.8.0_74\jre\bin\msvcr100.dll
0x0000000067260000 - 0x0000000067af0000 	C:\Program Files\Java\jdk1.8.0_74\jre\bin\server\jvm.dll
0x000007fefaa30000 - 0x000007fefaa39000 	C:\Windows\system32\WSOCK32.dll
0x000007fefd5c0000 - 0x000007fefd60d000 	C:\Windows\system32\WS2_32.dll
0x000007fefebf0000 - 0x000007fefebf8000 	C:\Windows\system32\NSI.dll
0x000007fefb180000 - 0x000007fefb1bb000 	C:\Windows\system32\WINMM.dll
0x000007fefb800000 - 0x000007fefb80c000 	C:\Windows\system32\VERSION.dll
0x0000000076ed0000 - 0x0000000076ed7000 	C:\Windows\system32\PSAPI.DLL
0x000000006e800000 - 0x000000006e80f000 	C:\Program Files\Java\jdk1.8.0_74\jre\bin\verify.dll
0x000000006e2b0000 - 0x000000006e2d9000 	C:\Program Files\Java\jdk1.8.0_74\jre\bin\java.dll
0x000000006e1e0000 - 0x000000006e1f6000 	C:\Program Files\Java\jdk1.8.0_74\jre\bin\zip.dll
0x000007fefd610000 - 0x000007fefe399000 	C:\Windows\system32\SHELL32.dll
0x000007fefe820000 - 0x000007fefea23000 	C:\Windows\system32\ole32.dll
0x000007fefca80000 - 0x000007fefca8f000 	C:\Windows\system32\profapi.dll

VM Arguments:
jvm_args: -Djava.awt.headless=true -Xmx1024M -Dfile.encoding=windows-1252 -Duser.country=US -Duser.language=en -Duser.variant 
java_command: com.android.dx.command.Main --dex --force-jumbo --num-threads=4 --multi-dex --output C:\Anirudh\Learn\Udacity\AndroidBasics\InventoryApp\app\build\intermediates\transforms\dex\debug\folders\1000\10\com.android.support-support-v4-24.0.0_d77ab6326f42422d7d2eef3de7c454120f3f4859 C:\Anirudh\Learn\Udacity\AndroidBasics\InventoryApp\app\build\intermediates\exploded-aar\com.android.support\support-v4\24.0.0\jars\classes.jar
java_class_path (initial): C:\Users\anirudha.joshi\AppData\Local\Android\sdk\build-tools\23.0.3\lib\dx.jar
Launcher Type: SUN_STANDARD

Environment Variables:
PATH=C:\ProgramData\Oracle\Java\javapath;c:\Program Files (x86)\Intel\iCLS Client\;c:\Program Files\Intel\iCLS Client\;C:\Windows\SYSTEM32;C:\Windows;C:\Windows\SYSTEM32\WBEM;C:\Windows\SYSTEM32\WINDOWSPOWERSHELL\V1.0\;C:\PROGRAM FILES (X86)\ATI TECHNOLOGIES\ATI.ACE\CORE-STATIC;C:\PROGRAM FILES (X86)\COMMON FILES\ROXIO SHARED\OEM\DLLSHARED\;C:\PROGRAM FILES (X86)\COMMON FILES\ROXIO SHARED\OEM\DLLSHARED\;C:\PROGRAM FILES (X86)\COMMON FILES\ROXIO SHARED\OEM\12.0\DLLSHARED\;C:\PROGRAM FILES (X86)\ROXIO\OEM\AUDIOCORE\;C:\PROGRAM FILES (X86)\INTEL\SERVICES\IPT\;c:\Program Files\WIDCOMM\Bluetooth Software\;c:\Program Files\WIDCOMM\Bluetooth Software\syswow64;C:\Program Files\Intel\Intel(R) Management Engine Components\DAL;C:\Program Files\Intel\Intel(R) Management Engine Components\IPT;C:\Program Files (x86)\Intel\Intel(R) Management Engine Components\DAL;C:\Program Files (x86)\Intel\Intel(R) Management Engine Components\IPT;C:\Program Files (x86)\Microsoft SQL Server\100\Tools\Binn\;C:\Program Files\Microsoft SQL Server\100\Tools\Binn\;C:\Program Files\Microsoft SQL Server\100\DTS\Binn\;C:\Program Files (x86)\Microsoft SQL Server\100\Tools\Binn\VSShell\Common7\IDE\;C:\Program Files (x86)\Microsoft Visual Studio 9.0\Common7\IDE\PrivateAssemblies\;C:\Program Files (x86)\Microsoft SQL Server\100\DTS\Binn\;c:\Program Files\Microsoft SQL Server\110\Tools\Binn\;c:\Program Files (x86)\Microsoft SQL Server\110\Tools\Binn\;c:\Program Files\Microsoft SQL Server\110\DTS\Binn\;c:\Program Files (x86)\Microsoft SQL Server\110\Tools\Binn\ManagementStudio\;c:\Program Files (x86)\Microsoft SQL Server\110\DTS\Binn\;C:\opscode\chef\bin\;C:\Program Files\Microsoft SQL Server\130\Tools\Binn\;C:\Anirudh\Learn\Udacity\Python\Scripts\;C:\Anirudh\Learn\Udacity\Python\;C:\Chocolatey\bin;C:\Users\anirudha.joshi\AppData\Roaming\scriptcs;c:\Inveshare\projects\xsd;
USERNAME=Anirudha.Joshi
OS=Windows_NT
PROCESSOR_IDENTIFIER=Intel64 Family 6 Model 69 Stepping 1, GenuineIntel



---------------  S Y S T E M  ---------------

OS: Windows 7 , 64 bit Build 7601 (6.1.7601.23418)

CPU:total 4 (2 cores per cpu, 2 threads per core) family 6 model 69 stepping 1, cmov, cx8, fxsr, mmx, sse, sse2, sse3, ssse3, sse4.1, sse4.2, popcnt, avx, avx2, aes, clmul, erms, lzcnt, ht, tsc, tscinvbit, bmi1, bmi2

Memory: 4k page, physical 8283248k(214268k free), swap 12475692k(9220k free)

vm_info: Java HotSpot(TM) 64-Bit Server VM (25.74-b02) for windows-amd64 JRE (1.8.0_74-b02), built on Jan 29 2016 17:42:36 by "java_re" with MS VC++ 10.0 (VS2010)

time: Sat Jul 16 12:34:39 2016
elapsed time: 6 seconds (0d 0h 0m 6s)

