#
# There is insufficient memory for the Java Runtime Environment to continue.
# Native memory allocation (malloc) failed to allocate 1095536 bytes for Chunk::new
# Possible reasons:
#   The system is out of physical RAM or swap space
#   In 32 bit mode, the process size limit was hit
# Possible solutions:
#   Reduce memory load on the system
#   Increase physical memory or swap space
#   Check if swap backing store is full
#   Use 64 bit Java on a 64 bit OS
#   Decrease Java heap size (-Xmx/-Xms)
#   Decrease number of Java threads
#   Decrease Java thread stack sizes (-Xss)
#   Set larger code cache with -XX:ReservedCodeCacheSize=
# This output file may be truncated or incomplete.
#
#  Out of Memory Error (allocation.cpp:390), pid=6784, tid=11388
#
# JRE version: Java(TM) SE Runtime Environment (8.0_74-b02) (build 1.8.0_74-b02)
# Java VM: Java HotSpot(TM) 64-Bit Server VM (25.74-b02 mixed mode windows-amd64 compressed oops)
# Failed to write core dump. Minidumps are not enabled by default on client versions of Windows
#

---------------  T H R E A D  ---------------

Current thread (0x0000000054c99000):  JavaThread "C2 CompilerThread1" daemon [_thread_in_native, id=11388, stack(0x0000000056960000,0x0000000056a60000)]

Stack: [0x0000000056960000,0x0000000056a60000]
[error occurred during error reporting (printing stack bounds), id 0xc0000005]

Native frames: (J=compiled Java code, j=interpreted, Vv=VM code, C=native code)


Current CompileTask:
C2:   6936 1856       4       com.android.dx.ssa.back.FirstFitLocalCombiningAllocator::tryMapRegs (110 bytes)


---------------  P R O C E S S  ---------------

Java Threads: ( => current thread )
  0x00000000567d6800 JavaThread "pool-2-thread-4" [_thread_blocked, id=11512, stack(0x0000000057610000,0x0000000057710000)]
  0x00000000567ce800 JavaThread "pool-2-thread-3" [_thread_blocked, id=6984, stack(0x00000000573e0000,0x00000000574e0000)]
  0x00000000567c5000 JavaThread "pool-2-thread-2" [_thread_blocked, id=11480, stack(0x0000000057130000,0x0000000057230000)]
  0x00000000567c4000 JavaThread "pool-3-thread-1" [_thread_blocked, id=11532, stack(0x0000000057270000,0x0000000057370000)]
  0x00000000567c3800 JavaThread "pool-2-thread-1" [_thread_blocked, id=11448, stack(0x0000000057020000,0x0000000057120000)]
  0x00000000564f5000 JavaThread "Service Thread" daemon [_thread_blocked, id=11424, stack(0x0000000056c20000,0x0000000056d20000)]
  0x00000000564ad000 JavaThread "C1 CompilerThread2" daemon [_thread_blocked, id=11384, stack(0x0000000056ad0000,0x0000000056bd0000)]
=>0x0000000054c99000 JavaThread "C2 CompilerThread1" daemon [_thread_in_native, id=11388, stack(0x0000000056960000,0x0000000056a60000)]
  0x0000000054c92000 JavaThread "C2 CompilerThread0" daemon [_thread_in_native, id=11392, stack(0x0000000056360000,0x0000000056460000)]
  0x0000000054c9f800 JavaThread "Attach Listener" daemon [_thread_blocked, id=11376, stack(0x0000000056070000,0x0000000056170000)]
  0x0000000054c9e000 JavaThread "Signal Dispatcher" daemon [_thread_blocked, id=11372, stack(0x0000000056180000,0x0000000056280000)]
  0x0000000054c7b000 JavaThread "Finalizer" daemon [_thread_blocked, id=10924, stack(0x0000000055ed0000,0x0000000055fd0000)]
  0x0000000054c34000 JavaThread "Reference Handler" daemon [_thread_blocked, id=7508, stack(0x0000000055db0000,0x0000000055eb0000)]
  0x0000000001e4e800 JavaThread "main" [_thread_blocked, id=11396, stack(0x0000000001e70000,0x0000000001f70000)]

Other Threads:
  0x0000000054c2c000 VMThread [stack: 0x0000000055cb0000,0x0000000055db0000] [id=8644]
  0x00000000564fc000 WatcherThread [stack: 0x0000000056dd0000,0x0000000056ed0000] [id=11416]

VM state:not at safepoint (normal execution)

VM Mutex/Monitor currently owned by a thread: None

Heap:
 PSYoungGen      total 71680K, used 32915K [0x00000000eab00000, 0x00000000f3700000, 0x0000000100000000)
  eden space 66560K, 41% used [0x00000000eab00000,0x00000000ec62b7e8,0x00000000eec00000)
  from space 5120K, 99% used [0x00000000eec00000,0x00000000ef0f9428,0x00000000ef100000)
  to   space 5120K, 0% used [0x00000000f3200000,0x00000000f3200000,0x00000000f3700000)
 ParOldGen       total 87552K, used 14801K [0x00000000c0000000, 0x00000000c5580000, 0x00000000eab00000)
  object space 87552K, 16% used [0x00000000c0000000,0x00000000c0e74598,0x00000000c5580000)
 Metaspace       used 6300K, capacity 7154K, committed 7296K, reserved 1056768K
  class space    used 605K, capacity 618K, committed 640K, reserved 1048576K

Card table byte_map: [0x0000000011750000,0x0000000011960000] byte_map_base: 0x0000000011150000

Marking Bits: (ParMarkBitMap*) 0x00000000622b0600
 Begin Bits: [0x00000000120a0000, 0x00000000130a0000)
 End Bits:   [0x00000000130a0000, 0x00000000140a0000)

Polling page: 0x0000000000310000

CodeCache: size=245760Kb used=7661Kb max_used=7674Kb free=238098Kb
 bounds [0x0000000002390000, 0x0000000002b20000, 0x0000000011390000]
 total_blobs=2096 nmethods=1826 adapters=182
 compilation: enabled

Compilation events (10 events):
Event: 6.820 Thread 0x00000000564ad000 1880       1       com.android.dx.rop.cst.CstFloat::getType (4 bytes)
Event: 6.821 Thread 0x00000000564ad000 nmethod 1880 0x0000000002ab4f10 code [0x0000000002ab5060, 0x0000000002ab5170]
Event: 6.828 Thread 0x00000000564ad000 1881 %     3       com.android.dx.ssa.SCCP::run @ 93 (298 bytes)
Event: 6.830 Thread 0x00000000564ad000 nmethod 1881% 0x0000000002b0b490 code [0x0000000002b0b860, 0x0000000002b0d7e8]
Event: 6.831 Thread 0x0000000054c92000 nmethod 1865 0x0000000002b0e510 code [0x0000000002b0e780, 0x0000000002b10548]
Event: 6.831 Thread 0x0000000054c92000 1878       4       com.android.dx.ssa.SsaMethod::mapRegisters (87 bytes)
Event: 6.868 Thread 0x00000000564ad000 1883       2       com.android.dx.cf.direct.AnnotationParser::parseAnnotations (143 bytes)
Event: 6.870 Thread 0x00000000564ad000 nmethod 1883 0x0000000002b05310 code [0x0000000002b05560, 0x0000000002b05e08]
Event: 6.874 Thread 0x0000000054c92000 nmethod 1878 0x0000000002b154d0 code [0x0000000002b156e0, 0x0000000002b164c0]
Event: 6.874 Thread 0x0000000054c92000 1879       4       com.android.dx.ssa.SsaMethod::forEachBlockDepthFirst (194 bytes)

GC Heap History (6 events):
Event: 1.612 GC heap before
{Heap before GC invocations=1 (full 0):
 PSYoungGen      total 38400K, used 33280K [0x00000000eab00000, 0x00000000ed580000, 0x0000000100000000)
  eden space 33280K, 100% used [0x00000000eab00000,0x00000000ecb80000,0x00000000ecb80000)
  from space 5120K, 0% used [0x00000000ed080000,0x00000000ed080000,0x00000000ed580000)
  to   space 5120K, 0% used [0x00000000ecb80000,0x00000000ecb80000,0x00000000ed080000)
 ParOldGen       total 87552K, used 0K [0x00000000c0000000, 0x00000000c5580000, 0x00000000eab00000)
  object space 87552K, 0% used [0x00000000c0000000,0x00000000c0000000,0x00000000c5580000)
 Metaspace       used 5898K, capacity 6834K, committed 7040K, reserved 1056768K
  class space    used 604K, capacity 618K, committed 640K, reserved 1048576K
Event: 2.685 GC heap after
Heap after GC invocations=1 (full 0):
 PSYoungGen      total 38400K, used 5110K [0x00000000eab00000, 0x00000000ef600000, 0x0000000100000000)
  eden space 33280K, 0% used [0x00000000eab00000,0x00000000eab00000,0x00000000ecb80000)
  from space 5120K, 99% used [0x00000000ecb80000,0x00000000ed07d8b8,0x00000000ed080000)
  to   space 5120K, 0% used [0x00000000ef100000,0x00000000ef100000,0x00000000ef600000)
 ParOldGen       total 87552K, used 957K [0x00000000c0000000, 0x00000000c5580000, 0x00000000eab00000)
  object space 87552K, 1% used [0x00000000c0000000,0x00000000c00ef688,0x00000000c5580000)
 Metaspace       used 5898K, capacity 6834K, committed 7040K, reserved 1056768K
  class space    used 604K, capacity 618K, committed 640K, reserved 1048576K
}
Event: 3.867 GC heap before
{Heap before GC invocations=2 (full 0):
 PSYoungGen      total 38400K, used 38390K [0x00000000eab00000, 0x00000000ef600000, 0x0000000100000000)
  eden space 33280K, 100% used [0x00000000eab00000,0x00000000ecb80000,0x00000000ecb80000)
  from space 5120K, 99% used [0x00000000ecb80000,0x00000000ed07d8b8,0x00000000ed080000)
  to   space 5120K, 0% used [0x00000000ef100000,0x00000000ef100000,0x00000000ef600000)
 ParOldGen       total 87552K, used 957K [0x00000000c0000000, 0x00000000c5580000, 0x00000000eab00000)
  object space 87552K, 1% used [0x00000000c0000000,0x00000000c00ef688,0x00000000c5580000)
 Metaspace       used 6175K, capacity 7026K, committed 7296K, reserved 1056768K
  class space    used 604K, capacity 618K, committed 640K, reserved 1048576K
Event: 3.914 GC heap after
Heap after GC invocations=2 (full 0):
 PSYoungGen      total 71680K, used 5115K [0x00000000eab00000, 0x00000000ef600000, 0x0000000100000000)
  eden space 66560K, 0% used [0x00000000eab00000,0x00000000eab00000,0x00000000eec00000)
  from space 5120K, 99% used [0x00000000ef100000,0x00000000ef5feed8,0x00000000ef600000)
  to   space 5120K, 0% used [0x00000000eec00000,0x00000000eec00000,0x00000000ef100000)
 ParOldGen       total 87552K, used 5033K [0x00000000c0000000, 0x00000000c5580000, 0x00000000eab00000)
  object space 87552K, 5% used [0x00000000c0000000,0x00000000c04ea630,0x00000000c5580000)
 Metaspace       used 6175K, capacity 7026K, committed 7296K, reserved 1056768K
  class space    used 604K, capacity 618K, committed 640K, reserved 1048576K
}
Event: 5.066 GC heap before
{Heap before GC invocations=3 (full 0):
 PSYoungGen      total 71680K, used 71675K [0x00000000eab00000, 0x00000000ef600000, 0x0000000100000000)
  eden space 66560K, 100% used [0x00000000eab00000,0x00000000eec00000,0x00000000eec00000)
  from space 5120K, 99% used [0x00000000ef100000,0x00000000ef5feed8,0x00000000ef600000)
  to   space 5120K, 0% used [0x00000000eec00000,0x00000000eec00000,0x00000000ef100000)
 ParOldGen       total 87552K, used 5033K [0x00000000c0000000, 0x00000000c5580000, 0x00000000eab00000)
  object space 87552K, 5% used [0x00000000c0000000,0x00000000c04ea630,0x00000000c5580000)
 Metaspace       used 6285K, capacity 7154K, committed 7296K, reserved 1056768K
  class space    used 605K, capacity 618K, committed 640K, reserved 1048576K
Event: 5.110 GC heap after
Heap after GC invocations=3 (full 0):
 PSYoungGen      total 71680K, used 5093K [0x00000000eab00000, 0x00000000f3700000, 0x0000000100000000)
  eden space 66560K, 0% used [0x00000000eab00000,0x00000000eab00000,0x00000000eec00000)
  from space 5120K, 99% used [0x00000000eec00000,0x00000000ef0f9428,0x00000000ef100000)
  to   space 5120K, 0% used [0x00000000f3200000,0x00000000f3200000,0x00000000f3700000)
 ParOldGen       total 87552K, used 14801K [0x00000000c0000000, 0x00000000c5580000, 0x00000000eab00000)
  object space 87552K, 16% used [0x00000000c0000000,0x00000000c0e74598,0x00000000c5580000)
 Metaspace       used 6285K, capacity 7154K, committed 7296K, reserved 1056768K
  class space    used 605K, capacity 618K, committed 640K, reserved 1048576K
}

Deoptimization events (10 events):
Event: 3.967 Thread 0x00000000567ce800 Uncommon trap: reason=uninitialized action=reinterpret pc=0x00000000028db970 method=com.android.dx.cf.code.BytecodeArray.parseInstruction(ILcom/android/dx/cf/code/BytecodeArray$Visitor;)I @ 999
Event: 3.971 Thread 0x00000000567ce800 Uncommon trap: reason=bimorphic action=maybe_recompile pc=0x0000000002834568 method=java.util.HashMap.putVal(ILjava/lang/Object;Ljava/lang/Object;ZZ)Ljava/lang/Object; @ 203
Event: 4.105 Thread 0x00000000567ce800 Uncommon trap: reason=null_check action=make_not_entrant pc=0x000000000292e378 method=com.android.dx.ssa.SsaRenamer.getLocalForNewReg(I)Lcom/android/dx/rop/code/LocalItem; @ 19
Event: 4.218 Thread 0x0000000001e4e800 Uncommon trap: reason=unstable_if action=reinterpret pc=0x0000000002577818 method=java.lang.String.<init>([CII)V @ 18
Event: 4.287 Thread 0x00000000567ce800 Uncommon trap: reason=class_check action=maybe_recompile pc=0x00000000029cfb68 method=com.android.dx.rop.code.RegisterSpec.withSimpleType()Lcom/android/dx/rop/code/RegisterSpec; @ 21
Event: 4.290 Thread 0x00000000567ce800 Uncommon trap: reason=class_check action=maybe_recompile pc=0x00000000029cfb68 method=com.android.dx.rop.code.RegisterSpec.withSimpleType()Lcom/android/dx/rop/code/RegisterSpec; @ 21
Event: 4.396 Thread 0x00000000567ce800 Uncommon trap: reason=unstable_if action=reinterpret pc=0x0000000002857378 method=com.android.dx.ssa.SCCP.simulateStmt(Lcom/android/dx/ssa/SsaInsn;)V @ 53
Event: 4.552 Thread 0x00000000567ce800 Uncommon trap: reason=unstable_if action=reinterpret pc=0x00000000026b4cec method=com.android.dx.util.IntList.binarysearch(I)I @ 105
Event: 4.701 Thread 0x00000000567d6800 Uncommon trap: reason=unstable_if action=reinterpret pc=0x00000000029394e0 method=com.android.dx.ssa.SCCP.simulateBranch(Lcom/android/dx/ssa/SsaInsn;)V @ 64
Event: 4.705 Thread 0x00000000567d6800 Uncommon trap: reason=unstable_if action=reinterpret pc=0x00000000026bf70c method=com.android.dx.ssa.SsaMethod.updateOneDefinition(Lcom/android/dx/ssa/SsaInsn;Lcom/android/dx/rop/code/RegisterSpec;)V @ 4

Internal exceptions (3 events):
Event: 0.090 Thread 0x0000000001e4e800 Exception <a 'java/lang/NoSuchMethodError': Method sun.misc.Unsafe.defineClass(Ljava/lang/String;[BII)Ljava/lang/Class; name or signature does not match> (0x00000000eab07cc0) thrown at [C:\re\workspace\8-2-build-windows-amd64-cygwin\jdk8u74\6087\hotspot\sr¹÷I.Þ
·?
Event: 0.090 Thread 0x0000000001e4e800 Exception <a 'java/lang/NoSuchMethodError': Method sun.misc.Unsafe.prefetchRead(Ljava/lang/Object;J)V name or signature does not match> (0x00000000eab07fa8) thrown at [C:\re\workspace\8-2-build-windows-amd64-cygwin\jdk8u74\6087\hotspot\src\share\vm\prims\jòt›ì«k@
Event: 4.105 Thread 0x00000000567ce800 Implicit null exception at 0x000000000292b8e1 to 0x000000000292e349

Events (10 events):
Event: 5.066 Executing VM operation: ParallelGCFailedAllocation
Event: 5.110 Executing VM operation: ParallelGCFailedAllocation done
Event: 5.485 Thread 0x00000000567c5000 DEOPT PACKING pc=0x00000000027e7319 sp=0x000000005722ea40
Event: 5.485 Thread 0x00000000567c5000 DEOPT UNPACKING pc=0x00000000023d787f sp=0x000000005722e820 mode 0
Event: 5.486 Thread 0x00000000567c3800 DEOPT PACKING pc=0x00000000027de1a2 sp=0x000000005711e670
Event: 5.486 Thread 0x00000000567c3800 DEOPT UNPACKING pc=0x00000000023d787f sp=0x000000005711e450 mode 0
Event: 6.259 loading class com/android/dx/rop/code/RegisterSpec$1
Event: 6.259 loading class com/android/dx/rop/code/RegisterSpec$1 done
Event: 6.819 Thread 0x00000000567c5000 DEOPT PACKING pc=0x00000000027d6ea4 sp=0x000000005722eac0
Event: 6.819 Thread 0x00000000567c5000 DEOPT UNPACKING pc=0x00000000023d787f sp=0x000000005722e828 mode 0


Dynamic libraries:
0x000000013f390000 - 0x000000013f3c7000 	C:\Program Files\Java\jdk1.8.0_74\bin\java.exe
0x0000000076d80000 - 0x0000000076f2a000 	C:\Windows\SYSTEM32\ntdll.dll
0x0000000076b60000 - 0x0000000076c7f000 	C:\Windows\system32\kernel32.dll
0x000007fefcc40000 - 0x000007fefccaa000 	C:\Windows\system32\KERNELBASE.dll
0x000007fefe7a0000 - 0x000007fefe87b000 	C:\Windows\system32\ADVAPI32.dll
0x000007fefe880000 - 0x000007fefe91f000 	C:\Windows\system32\msvcrt.dll
0x000007fefe0a0000 - 0x000007fefe0bf000 	C:\Windows\SYSTEM32\sechost.dll
0x000007fefe510000 - 0x000007fefe63d000 	C:\Windows\system32\RPCRT4.dll
0x0000000076c80000 - 0x0000000076d7a000 	C:\Windows\system32\USER32.dll
0x000007fefcec0000 - 0x000007fefcf27000 	C:\Windows\system32\GDI32.dll
0x000007fefe9c0000 - 0x000007fefe9ce000 	C:\Windows\system32\LPK.dll
0x000007fefea00000 - 0x000007fefeaca000 	C:\Windows\system32\USP10.dll
0x000007fefbb60000 - 0x000007fefbd54000 	C:\Windows\WinSxS\amd64_microsoft.windows.common-controls_6595b64144ccf1df_6.0.7601.18837_none_fa3b1e3d17594757\COMCTL32.dll
0x000007fefe2a0000 - 0x000007fefe311000 	C:\Windows\system32\SHLWAPI.dll
0x000007fefe9d0000 - 0x000007fefe9fe000 	C:\Windows\system32\IMM32.DLL
0x000007fefdf90000 - 0x000007fefe099000 	C:\Windows\system32\MSCTF.dll
0x000000006af00000 - 0x000000006afd2000 	C:\Program Files\Java\jdk1.8.0_74\jre\bin\msvcr100.dll
0x0000000061aa0000 - 0x0000000062330000 	C:\Program Files\Java\jdk1.8.0_74\jre\bin\server\jvm.dll
0x000007fefaab0000 - 0x000007fefaab9000 	C:\Windows\system32\WSOCK32.dll
0x000007fefe4c0000 - 0x000007fefe50d000 	C:\Windows\system32\WS2_32.dll
0x000007fefe4b0000 - 0x000007fefe4b8000 	C:\Windows\system32\NSI.dll
0x000007fefb4f0000 - 0x000007fefb52b000 	C:\Windows\system32\WINMM.dll
0x000007fefb880000 - 0x000007fefb88c000 	C:\Windows\system32\VERSION.dll
0x0000000076f40000 - 0x0000000076f47000 	C:\Windows\system32\PSAPI.DLL
0x000000006bd20000 - 0x000000006bd2f000 	C:\Program Files\Java\jdk1.8.0_74\jre\bin\verify.dll
0x000000006abf0000 - 0x000000006ac19000 	C:\Program Files\Java\jdk1.8.0_74\jre\bin\java.dll
0x000000006abd0000 - 0x000000006abe6000 	C:\Program Files\Java\jdk1.8.0_74\jre\bin\zip.dll
0x000007fefd140000 - 0x000007fefdec9000 	C:\Windows\system32\SHELL32.dll
0x000007fefcf30000 - 0x000007fefd133000 	C:\Windows\system32\ole32.dll
0x000007fefcb00000 - 0x000007fefcb0f000 	C:\Windows\system32\profapi.dll

VM Arguments:
jvm_args: -Djava.awt.headless=true -Xmx1024M -Dfile.encoding=windows-1252 -Duser.country=US -Duser.language=en -Duser.variant 
java_command: com.android.dx.command.Main --dex --force-jumbo --num-threads=4 --multi-dex --output C:\Anirudh\Learn\Udacity\AndroidBasics\InventoryApp\app\build\intermediates\transforms\dex\debug\folders\1000\10\com.android.support-appcompat-v7-24.0.0_2bc01a1ad636aaa034f02bf22c49fbb2bc76af4f C:\Anirudh\Learn\Udacity\AndroidBasics\InventoryApp\app\build\intermediates\exploded-aar\com.android.support\appcompat-v7\24.0.0\jars\classes.jar
java_class_path (initial): C:\Users\anirudha.joshi\AppData\Local\Android\sdk\build-tools\23.0.3\lib\dx.jar
Launcher Type: SUN_STANDARD

Environment Variables:
PATH=C:\ProgramData\Oracle\Java\javapath;c:\Program Files (x86)\Intel\iCLS Client\;c:\Program Files\Intel\iCLS Client\;C:\Windows\SYSTEM32;C:\Windows;C:\Windows\SYSTEM32\WBEM;C:\Windows\SYSTEM32\WINDOWSPOWERSHELL\V1.0\;C:\PROGRAM FILES (X86)\ATI TECHNOLOGIES\ATI.ACE\CORE-STATIC;C:\PROGRAM FILES (X86)\COMMON FILES\ROXIO SHARED\OEM\DLLSHARED\;C:\PROGRAM FILES (X86)\COMMON FILES\ROXIO SHARED\OEM\DLLSHARED\;C:\PROGRAM FILES (X86)\COMMON FILES\ROXIO SHARED\OEM\12.0\DLLSHARED\;C:\PROGRAM FILES (X86)\ROXIO\OEM\AUDIOCORE\;C:\PROGRAM FILES (X86)\INTEL\SERVICES\IPT\;c:\Program Files\WIDCOMM\Bluetooth Software\;c:\Program Files\WIDCOMM\Bluetooth Software\syswow64;C:\Program Files\Intel\Intel(R) Management Engine Components\DAL;C:\Program Files\Intel\Intel(R) Management Engine Components\IPT;C:\Program Files (x86)\Intel\Intel(R) Management Engine Components\DAL;C:\Program Files (x86)\Intel\Intel(R) Management Engine Components\IPT;C:\Program Files (x86)\Microsoft SQL Server\100\Tools\Binn\;C:\Program Files\Microsoft SQL Server\100\Tools\Binn\;C:\Program Files\Microsoft SQL Server\100\DTS\Binn\;C:\Program Files (x86)\Microsoft SQL Server\100\Tools\Binn\VSShell\Common7\IDE\;C:\Program Files (x86)\Microsoft Visual Studio 9.0\Common7\IDE\PrivateAssemblies\;C:\Program Files (x86)\Microsoft SQL Server\100\DTS\Binn\;c:\Program Files\Microsoft SQL Server\110\Tools\Binn\;c:\Program Files (x86)\Microsoft SQL Server\110\Tools\Binn\;c:\Program Files\Microsoft SQL Server\110\DTS\Binn\;c:\Program Files (x86)\Microsoft SQL Server\110\Tools\Binn\ManagementStudio\;c:\Program Files (x86)\Microsoft SQL Server\110\DTS\Binn\;C:\opscode\chef\bin\;C:\Program Files\Microsoft SQL Server\130\Tools\Binn\;C:\Anirudh\Learn\Udacity\Python\Scripts\;C:\Anirudh\Learn\Udacity\Python\;C:\Chocolatey\bin;C:\Users\anirudha.joshi\AppData\Roaming\scriptcs;c:\Inveshare\projects\xsd;
USERNAME=anirudha.joshi
OS=Windows_NT
PROCESSOR_IDENTIFIER=Intel64 Family 6 Model 69 Stepping 1, GenuineIntel



---------------  S Y S T E M  ---------------

OS: Windows 7 , 64 bit Build 7601 (6.1.7601.23418)

CPU:total 4 (2 cores per cpu, 2 threads per core) family 6 model 69 stepping 1, cmov, cx8, fxsr, mmx, sse, sse2, sse3, ssse3, sse4.1, sse4.2, popcnt, avx, avx2, aes, clmul, erms, lzcnt, ht, tsc, tscinvbit, bmi1, bmi2

Memory: 4k page, physical 8283248k(129792k free), swap 12475692k(5052k free)

vm_info: Java HotSpot(TM) 64-Bit Server VM (25.74-b02) for windows-amd64 JRE (1.8.0_74-b02), built on Jan 29 2016 17:42:36 by "java_re" with MS VC++ 10.0 (VS2010)

time: Mon Jul 18 11:32:23 2016
elapsed time: 6 seconds (0d 0h 0m 6s)

