#
# There is insufficient memory for the Java Runtime Environment to continue.
# Native memory allocation (malloc) failed to allocate 559376 bytes for Chunk::new
# Possible reasons:
#   The system is out of physical RAM or swap space
#   In 32 bit mode, the process size limit was hit
# Possible solutions:
#   Reduce memory load on the system
#   Increase physical memory or swap space
#   Check if swap backing store is full
#   Use 64 bit Java on a 64 bit OS
#   Decrease Java heap size (-Xmx/-Xms)
#   Decrease number of Java threads
#   Decrease Java thread stack sizes (-Xss)
#   Set larger code cache with -XX:ReservedCodeCacheSize=
# This output file may be truncated or incomplete.
#
#  Out of Memory Error (allocation.cpp:390), pid=13164, tid=14044
#
# JRE version: Java(TM) SE Runtime Environment (8.0_74-b02) (build 1.8.0_74-b02)
# Java VM: Java HotSpot(TM) 64-Bit Server VM (25.74-b02 mixed mode windows-amd64 compressed oops)
# Failed to write core dump. Minidumps are not enabled by default on client versions of Windows
#

---------------  T H R E A D  ---------------

Current thread (0x000000005610a800):  JavaThread "C2 CompilerThread1" daemon [_thread_in_native, id=14044, stack(0x0000000056ab0000,0x0000000056bb0000)]

Stack: [0x0000000056ab0000,0x0000000056bb0000]
[error occurred during error reporting (printing stack bounds), id 0xc0000005]

Native frames: (J=compiled Java code, j=interpreted, Vv=VM code, C=native code)


Current CompileTask:
C2:   5303 1218       4       com.android.dx.ssa.SCCP::simulateStmt (481 bytes)


---------------  P R O C E S S  ---------------

Java Threads: ( => current thread )
  0x000000005632f800 JavaThread "pool-2-thread-4" [_thread_blocked, id=12068, stack(0x00000000577e0000,0x00000000578e0000)]
  0x000000005632d000 JavaThread "pool-2-thread-3" [_thread_blocked, id=13992, stack(0x00000000575e0000,0x00000000576e0000)]
  0x000000005632c800 JavaThread "pool-2-thread-2" [_thread_blocked, id=13988, stack(0x00000000573a0000,0x00000000574a0000)]
  0x000000005632b800 JavaThread "pool-3-thread-1" [_thread_blocked, id=13316, stack(0x0000000057150000,0x0000000057250000)]
  0x0000000056325800 JavaThread "pool-2-thread-1" [_thread_blocked, id=13320, stack(0x0000000056fd0000,0x00000000570d0000)]
  0x000000005610f800 JavaThread "Service Thread" daemon [_thread_blocked, id=12148, stack(0x0000000056dd0000,0x0000000056ed0000)]
  0x000000005610b000 JavaThread "C1 CompilerThread2" daemon [_thread_in_native, id=11824, stack(0x0000000056c30000,0x0000000056d30000)]
=>0x000000005610a800 JavaThread "C2 CompilerThread1" daemon [_thread_in_native, id=14044, stack(0x0000000056ab0000,0x0000000056bb0000)]
  0x00000000560b3000 JavaThread "C2 CompilerThread0" daemon [_thread_in_native, id=12688, stack(0x0000000056900000,0x0000000056a00000)]
  0x00000000560b0800 JavaThread "Attach Listener" daemon [_thread_blocked, id=13120, stack(0x00000000567c0000,0x00000000568c0000)]
  0x00000000560bc000 JavaThread "Signal Dispatcher" daemon [_thread_blocked, id=12744, stack(0x0000000056650000,0x0000000056750000)]
  0x0000000054d0d000 JavaThread "Finalizer" daemon [_thread_blocked, id=13732, stack(0x0000000055c70000,0x0000000055d70000)]
  0x0000000054cc6000 JavaThread "Reference Handler" daemon [_thread_blocked, id=8176, stack(0x0000000055fb0000,0x00000000560b0000)]
  0x0000000001dfe800 JavaThread "main" [_thread_in_native, id=10072, stack(0x0000000001f30000,0x0000000002030000)]

Other Threads:
  0x0000000054cbe000 VMThread [stack: 0x0000000055dd0000,0x0000000055ed0000] [id=13644]
  0x0000000056114000 WatcherThread [stack: 0x00000000564b0000,0x00000000565b0000] [id=8888]

VM state:not at safepoint (normal execution)

VM Mutex/Monitor currently owned by a thread: None

Heap:
 PSYoungGen      total 38400K, used 9584K [0x00000000eab00000, 0x00000000ed580000, 0x0000000100000000)
  eden space 33280K, 13% used [0x00000000eab00000,0x00000000eaf63350,0x00000000ecb80000)
  from space 5120K, 99% used [0x00000000ecb80000,0x00000000ed078e90,0x00000000ed080000)
  to   space 5120K, 0% used [0x00000000ed080000,0x00000000ed080000,0x00000000ed580000)
 ParOldGen       total 87552K, used 643K [0x00000000c0000000, 0x00000000c5580000, 0x00000000eab00000)
  object space 87552K, 0% used [0x00000000c0000000,0x00000000c00a0c10,0x00000000c5580000)
 Metaspace       used 6000K, capacity 6898K, committed 7040K, reserved 1056768K
  class space    used 601K, capacity 618K, committed 640K, reserved 1048576K

Card table byte_map: [0x00000000116c0000,0x00000000118d0000] byte_map_base: 0x00000000110c0000

Marking Bits: (ParMarkBitMap*) 0x00000000684f0600
 Begin Bits: [0x0000000012130000, 0x0000000013130000)
 End Bits:   [0x0000000013130000, 0x0000000014130000)

Polling page: 0x0000000001c40000

CodeCache: size=245760Kb used=4716Kb max_used=4716Kb free=241043Kb
 bounds [0x0000000002300000, 0x00000000027a0000, 0x0000000011300000]
 total_blobs=1488 nmethods=1218 adapters=182
 compilation: enabled

Compilation events (10 events):
Event: 5.233 Thread 0x000000005610b000 nmethod 1216 0x0000000002796490 code [0x00000000027965e0, 0x0000000002796730]
Event: 5.233 Thread 0x000000005610b000 1223       3       com.android.dx.dex.code.RopTranslator$TranslationVisitor::getNextMoveResultPseudo (55 bytes)
Event: 5.233 Thread 0x000000005610b000 nmethod 1223 0x00000000027957d0 code [0x0000000002795980, 0x0000000002796238]
Event: 5.234 Thread 0x000000005610b000 1215       3       com.android.dx.ssa.LocalVariableInfo::addAssignment (43 bytes)
Event: 5.234 Thread 0x000000005610b000 nmethod 1215 0x0000000002794d90 code [0x0000000002794f60, 0x0000000002795558]
Event: 5.234 Thread 0x000000005610b000 1214       3       com.android.dx.rop.cst.TypedConstant::getBasicFrameType (8 bytes)
Event: 5.234 Thread 0x000000005610b000 nmethod 1214 0x0000000002794890 code [0x0000000002794a00, 0x0000000002794cb8]
Event: 5.234 Thread 0x000000005610b000 1221       1       com.android.dx.ssa.back.FirstFitLocalCombiningAllocator$Multiset::getSize (5 bytes)
Event: 5.234 Thread 0x000000005610b000 nmethod 1221 0x00000000027945d0 code [0x0000000002794720, 0x0000000002794830]
Event: 5.239 Thread 0x000000005610b000 1225       3       com.android.dx.cf.code.Simulator$SimVisitor::visitNoArgs (2108 bytes)

GC Heap History (2 events):
Event: 4.934 GC heap before
{Heap before GC invocations=1 (full 0):
 PSYoungGen      total 38400K, used 33280K [0x00000000eab00000, 0x00000000ed580000, 0x0000000100000000)
  eden space 33280K, 100% used [0x00000000eab00000,0x00000000ecb80000,0x00000000ecb80000)
  from space 5120K, 0% used [0x00000000ed080000,0x00000000ed080000,0x00000000ed580000)
  to   space 5120K, 0% used [0x00000000ecb80000,0x00000000ecb80000,0x00000000ed080000)
 ParOldGen       total 87552K, used 0K [0x00000000c0000000, 0x00000000c5580000, 0x00000000eab00000)
  object space 87552K, 0% used [0x00000000c0000000,0x00000000c0000000,0x00000000c5580000)
 Metaspace       used 5963K, capacity 6898K, committed 7040K, reserved 1056768K
  class space    used 601K, capacity 618K, committed 640K, reserved 1048576K
Event: 5.183 GC heap after
Heap after GC invocations=1 (full 0):
 PSYoungGen      total 38400K, used 5091K [0x00000000eab00000, 0x00000000ed580000, 0x0000000100000000)
  eden space 33280K, 0% used [0x00000000eab00000,0x00000000eab00000,0x00000000ecb80000)
  from space 5120K, 99% used [0x00000000ecb80000,0x00000000ed078e90,0x00000000ed080000)
  to   space 5120K, 0% used [0x00000000ed080000,0x00000000ed080000,0x00000000ed580000)
 ParOldGen       total 87552K, used 643K [0x00000000c0000000, 0x00000000c5580000, 0x00000000eab00000)
  object space 87552K, 0% used [0x00000000c0000000,0x00000000c00a0c10,0x00000000c5580000)
 Metaspace       used 5963K, capacity 6898K, committed 7040K, reserved 1056768K
  class space    used 601K, capacity 618K, committed 640K, reserved 1048576K
}

Deoptimization events (6 events):
Event: 1.575 Thread 0x0000000001dfe800 Uncommon trap: reason=unstable_if action=reinterpret pc=0x0000000002455a84 method=java.lang.String.compareTo(Ljava/lang/String;)I @ 38
Event: 2.925 Thread 0x000000005632f800 Uncommon trap: reason=unstable_if action=reinterpret pc=0x00000000024edfcc method=java.util.HashMap.getNode(ILjava/lang/Object;)Ljava/util/HashMap$Node; @ 129
Event: 2.929 Thread 0x000000005632f800 Uncommon trap: reason=unstable_if action=reinterpret pc=0x00000000024ef5a0 method=java.util.BitSet.nextSetBit(I)I @ 87
Event: 2.980 Thread 0x000000005632d000 Uncommon trap: reason=unstable_if action=reinterpret pc=0x00000000025463dc method=com.android.dx.rop.code.LocalItem.hashCode()I @ 25
Event: 3.068 Thread 0x0000000056325800 Uncommon trap: reason=unstable_if action=reinterpret pc=0x000000000254137c method=java.util.HashMap.getNode(ILjava/lang/Object;)Ljava/util/HashMap$Node; @ 129
Event: 3.410 Thread 0x000000005632d000 Uncommon trap: reason=unstable_if action=reinterpret pc=0x000000000254da04 method=com.android.dx.rop.cst.Constant.compareTo(Lcom/android/dx/rop/cst/Constant;)I @ 12

Internal exceptions (2 events):
Event: 0.614 Thread 0x0000000001dfe800 Exception <a 'java/lang/NoSuchMethodError': Method sun.misc.Unsafe.defineClass(Ljava/lang/String;[BII)Ljava/lang/Class; name or signature does not match> (0x00000000eab07cc0) thrown at [C:\re\workspace\8-2-build-windows-amd64-cygwin\jdk8u74\6087\hotspot\srô@(µ”¦ã?
Event: 0.614 Thread 0x0000000001dfe800 Exception <a 'java/lang/NoSuchMethodError': Method sun.misc.Unsafe.prefetchRead(Ljava/lang/Object;J)V name or signature does not match> (0x00000000eab07fa8) thrown at [C:\re\workspace\8-2-build-windows-amd64-cygwin\jdk8u74\6087\hotspot\src\share\vm\prims\j

Events (10 events):
Event: 3.410 Thread 0x000000005632d000 DEOPT PACKING pc=0x000000000254da04 sp=0x00000000576de2c0
Event: 3.410 Thread 0x000000005632d000 DEOPT UNPACKING pc=0x000000000234582a sp=0x00000000576de260 mode 2
Event: 3.573 loading class java/util/TreeMap$EntrySet
Event: 3.574 loading class java/util/TreeMap$EntrySet done
Event: 3.574 loading class java/util/TreeMap$EntryIterator
Event: 3.574 loading class java/util/TreeMap$EntryIterator done
Event: 3.574 Executing VM operation: Deoptimize
Event: 3.574 Executing VM operation: Deoptimize done
Event: 4.934 Executing VM operation: ParallelGCFailedAllocation
Event: 5.183 Executing VM operation: ParallelGCFailedAllocation done


Dynamic libraries:
0x000000013f490000 - 0x000000013f4c7000 	C:\Program Files\Java\jdk1.8.0_74\bin\java.exe
0x0000000077a90000 - 0x0000000077c3a000 	C:\Windows\SYSTEM32\ntdll.dll
0x0000000077870000 - 0x000000007798f000 	C:\Windows\system32\kernel32.dll
0x000007fefda50000 - 0x000007fefdaba000 	C:\Windows\system32\KERNELBASE.dll
0x000007feffac0000 - 0x000007feffb9b000 	C:\Windows\system32\ADVAPI32.dll
0x000007feffd00000 - 0x000007feffd9f000 	C:\Windows\system32\msvcrt.dll
0x000007fefea00000 - 0x000007fefea1f000 	C:\Windows\SYSTEM32\sechost.dll
0x000007feff010000 - 0x000007feff13d000 	C:\Windows\system32\RPCRT4.dll
0x0000000077990000 - 0x0000000077a8a000 	C:\Windows\system32\USER32.dll
0x000007fefef90000 - 0x000007fefeff7000 	C:\Windows\system32\GDI32.dll
0x000007feff000000 - 0x000007feff00e000 	C:\Windows\system32\LPK.dll
0x000007fefea20000 - 0x000007fefeaea000 	C:\Windows\system32\USP10.dll
0x000007fefc830000 - 0x000007fefca24000 	C:\Windows\WinSxS\amd64_microsoft.windows.common-controls_6595b64144ccf1df_6.0.7601.18837_none_fa3b1e3d17594757\COMCTL32.dll
0x000007feffba0000 - 0x000007feffc11000 	C:\Windows\system32\SHLWAPI.dll
0x000007feffc30000 - 0x000007feffc5e000 	C:\Windows\system32\IMM32.DLL
0x000007feff5f0000 - 0x000007feff6f9000 	C:\Windows\system32\MSCTF.dll
0x000000005eda0000 - 0x000000005ee72000 	C:\Program Files\Java\jdk1.8.0_74\jre\bin\msvcr100.dll
0x0000000067ce0000 - 0x0000000068570000 	C:\Program Files\Java\jdk1.8.0_74\jre\bin\server\jvm.dll
0x000007fefb070000 - 0x000007fefb079000 	C:\Windows\system32\WSOCK32.dll
0x000007feff5a0000 - 0x000007feff5ed000 	C:\Windows\system32\WS2_32.dll
0x000007feffc20000 - 0x000007feffc28000 	C:\Windows\system32\NSI.dll
0x000007fefb7f0000 - 0x000007fefb82b000 	C:\Windows\system32\WINMM.dll
0x000007fefc590000 - 0x000007fefc59c000 	C:\Windows\system32\VERSION.dll
0x0000000077c50000 - 0x0000000077c57000 	C:\Windows\system32\PSAPI.DLL
0x000000006f7e0000 - 0x000000006f7ef000 	C:\Program Files\Java\jdk1.8.0_74\jre\bin\verify.dll
0x000000006f230000 - 0x000000006f259000 	C:\Program Files\Java\jdk1.8.0_74\jre\bin\java.dll
0x000000006f210000 - 0x000000006f226000 	C:\Program Files\Java\jdk1.8.0_74\jre\bin\zip.dll
0x000007fefdc70000 - 0x000007fefe9f9000 	C:\Windows\system32\SHELL32.dll
0x000007fefeaf0000 - 0x000007fefecf3000 	C:\Windows\system32\ole32.dll
0x000007fefd820000 - 0x000007fefd82f000 	C:\Windows\system32\profapi.dll

VM Arguments:
jvm_args: -Djava.awt.headless=true -Xmx1024M -Dfile.encoding=windows-1252 -Duser.country=US -Duser.language=en -Duser.variant 
java_command: com.android.dx.command.Main --dex --force-jumbo --num-threads=4 --multi-dex --output C:\Anirudh\Learn\Udacity\AndroidBasics\InventoryApp\app\build\intermediates\transforms\dex\debug\folders\1000\10\internal_impl-24.0.0_99897c720b7a33c5e55b410c2ed671fb4851e753 C:\Anirudh\Learn\Udacity\AndroidBasics\InventoryApp\app\build\intermediates\exploded-aar\com.android.support\support-v4\24.0.0\jars\libs\internal_impl-24.0.0.jar
java_class_path (initial): C:\Users\anirudha.joshi\AppData\Local\Android\sdk\build-tools\23.0.3\lib\dx.jar
Launcher Type: SUN_STANDARD

Environment Variables:
PATH=C:\ProgramData\Oracle\Java\javapath;c:\Program Files (x86)\Intel\iCLS Client\;c:\Program Files\Intel\iCLS Client\;C:\Windows\SYSTEM32;C:\Windows;C:\Windows\SYSTEM32\WBEM;C:\Windows\SYSTEM32\WINDOWSPOWERSHELL\V1.0\;C:\PROGRAM FILES (X86)\ATI TECHNOLOGIES\ATI.ACE\CORE-STATIC;C:\PROGRAM FILES (X86)\COMMON FILES\ROXIO SHARED\OEM\DLLSHARED\;C:\PROGRAM FILES (X86)\COMMON FILES\ROXIO SHARED\OEM\DLLSHARED\;C:\PROGRAM FILES (X86)\COMMON FILES\ROXIO SHARED\OEM\12.0\DLLSHARED\;C:\PROGRAM FILES (X86)\ROXIO\OEM\AUDIOCORE\;C:\PROGRAM FILES (X86)\INTEL\SERVICES\IPT\;c:\Program Files\WIDCOMM\Bluetooth Software\;c:\Program Files\WIDCOMM\Bluetooth Software\syswow64;C:\Program Files\Intel\Intel(R) Management Engine Components\DAL;C:\Program Files\Intel\Intel(R) Management Engine Components\IPT;C:\Program Files (x86)\Intel\Intel(R) Management Engine Components\DAL;C:\Program Files (x86)\Intel\Intel(R) Management Engine Components\IPT;C:\Program Files (x86)\Microsoft SQL Server\100\Tools\Binn\;C:\Program Files\Microsoft SQL Server\100\Tools\Binn\;C:\Program Files\Microsoft SQL Server\100\DTS\Binn\;C:\Program Files (x86)\Microsoft SQL Server\100\Tools\Binn\VSShell\Common7\IDE\;C:\Program Files (x86)\Microsoft Visual Studio 9.0\Common7\IDE\PrivateAssemblies\;C:\Program Files (x86)\Microsoft SQL Server\100\DTS\Binn\;c:\Program Files\Microsoft SQL Server\110\Tools\Binn\;c:\Program Files (x86)\Microsoft SQL Server\110\Tools\Binn\;c:\Program Files\Microsoft SQL Server\110\DTS\Binn\;c:\Program Files (x86)\Microsoft SQL Server\110\Tools\Binn\ManagementStudio\;c:\Program Files (x86)\Microsoft SQL Server\110\DTS\Binn\;C:\opscode\chef\bin\;C:\Program Files\Microsoft SQL Server\130\Tools\Binn\;C:\Anirudh\Learn\Udacity\Python\Scripts\;C:\Anirudh\Learn\Udacity\Python\;C:\Chocolatey\bin;C:\Users\anirudha.joshi\AppData\Roaming\scriptcs;c:\Inveshare\projects\xsd;
USERNAME=anirudha.joshi
OS=Windows_NT
PROCESSOR_IDENTIFIER=Intel64 Family 6 Model 69 Stepping 1, GenuineIntel



---------------  S Y S T E M  ---------------

OS: Windows 7 , 64 bit Build 7601 (6.1.7601.23418)

CPU:total 4 (2 cores per cpu, 2 threads per core) family 6 model 69 stepping 1, cmov, cx8, fxsr, mmx, sse, sse2, sse3, ssse3, sse4.1, sse4.2, popcnt, avx, avx2, aes, clmul, erms, lzcnt, ht, tsc, tscinvbit, bmi1, bmi2

Memory: 4k page, physical 8283248k(92168k free), swap 12475692k(5024k free)

vm_info: Java HotSpot(TM) 64-Bit Server VM (25.74-b02) for windows-amd64 JRE (1.8.0_74-b02), built on Jan 29 2016 17:42:36 by "java_re" with MS VC++ 10.0 (VS2010)

time: Sun Jul 17 16:26:45 2016
elapsed time: 5 seconds (0d 0h 0m 5s)

