#
# There is insufficient memory for the Java Runtime Environment to continue.
# Native memory allocation (malloc) failed to allocate 32744 bytes for ChunkPool::allocate
# Possible reasons:
#   The system is out of physical RAM or swap space
#   In 32 bit mode, the process size limit was hit
# Possible solutions:
#   Reduce memory load on the system
#   Increase physical memory or swap space
#   Check if swap backing store is full
#   Use 64 bit Java on a 64 bit OS
#   Decrease Java heap size (-Xmx/-Xms)
#   Decrease number of Java threads
#   Decrease Java thread stack sizes (-Xss)
#   Set larger code cache with -XX:ReservedCodeCacheSize=
# This output file may be truncated or incomplete.
#
#  Out of Memory Error (allocation.cpp:273), pid=13440, tid=13012
#
# JRE version: Java(TM) SE Runtime Environment (8.0_74-b02) (build 1.8.0_74-b02)
# Java VM: Java HotSpot(TM) 64-Bit Server VM (25.74-b02 mixed mode windows-amd64 compressed oops)
# Failed to write core dump. Minidumps are not enabled by default on client versions of Windows
#

---------------  T H R E A D  ---------------

Current thread (0x00000000561b3800):  JavaThread "C2 CompilerThread0" daemon [_thread_in_native, id=13012, stack(0x00000000569c0000,0x0000000056ac0000)]

Stack: [0x00000000569c0000,0x0000000056ac0000]
[error occurred during error reporting (printing stack bounds), id 0xc0000005]

Native frames: (J=compiled Java code, j=interpreted, Vv=VM code, C=native code)


Current CompileTask:
C2:   4034  812  s    4       java.util.Vector::add (39 bytes)


---------------  P R O C E S S  ---------------

Java Threads: ( => current thread )
  0x0000000056355800 JavaThread "pool-2-thread-4" [_thread_in_Java, id=13476, stack(0x0000000057530000,0x0000000057630000)]
  0x000000005634a000 JavaThread "pool-2-thread-3" [_thread_in_vm, id=14128, stack(0x0000000057370000,0x0000000057470000)]
  0x0000000056349000 JavaThread "pool-2-thread-2" [_thread_blocked, id=14296, stack(0x0000000056f00000,0x0000000057000000)]
  0x0000000056348000 JavaThread "pool-3-thread-1" [_thread_blocked, id=13260, stack(0x0000000057220000,0x0000000057320000)]
  0x0000000056330800 JavaThread "pool-2-thread-1" [_thread_blocked, id=13944, stack(0x0000000056ac0000,0x0000000056bc0000)]
  0x0000000056221000 JavaThread "Service Thread" daemon [_thread_blocked, id=13796, stack(0x0000000056da0000,0x0000000056ea0000)]
  0x000000005621d000 JavaThread "C1 CompilerThread2" daemon [_thread_in_native, id=13844, stack(0x0000000056860000,0x0000000056960000)]
  0x000000005621c800 JavaThread "C2 CompilerThread1" daemon [_thread_in_native, id=13856, stack(0x0000000056bf0000,0x0000000056cf0000)]
=>0x00000000561b3800 JavaThread "C2 CompilerThread0" daemon [_thread_in_native, id=13012, stack(0x00000000569c0000,0x0000000056ac0000)]
  0x00000000561b2800 JavaThread "Attach Listener" daemon [_thread_blocked, id=9320, stack(0x0000000056740000,0x0000000056840000)]
  0x0000000054e89000 JavaThread "Signal Dispatcher" daemon [_thread_blocked, id=13388, stack(0x0000000056640000,0x0000000056740000)]
  0x0000000054e72000 JavaThread "Finalizer" daemon [_thread_blocked, id=13204, stack(0x0000000055f70000,0x0000000056070000)]
  0x0000000054e2b000 JavaThread "Reference Handler" daemon [_thread_blocked, id=11560, stack(0x00000000560b0000,0x00000000561b0000)]
  0x0000000001ebe800 JavaThread "main" [_thread_in_Java, id=13580, stack(0x0000000002090000,0x0000000002190000)]

Other Threads:
  0x0000000054e1e000 VMThread [stack: 0x0000000055e20000,0x0000000055f20000] [id=12956]
  0x0000000056239800 WatcherThread [stack: 0x0000000057030000,0x0000000057130000] [id=14324]

VM state:not at safepoint (normal execution)

VM Mutex/Monitor currently owned by a thread: None

Heap:
 PSYoungGen      total 38400K, used 18254K [0x00000000eab00000, 0x00000000ed580000, 0x0000000100000000)
  eden space 33280K, 54% used [0x00000000eab00000,0x00000000ebcd3b18,0x00000000ecb80000)
  from space 5120K, 0% used [0x00000000ed080000,0x00000000ed080000,0x00000000ed580000)
  to   space 5120K, 0% used [0x00000000ecb80000,0x00000000ecb80000,0x00000000ed080000)
 ParOldGen       total 87552K, used 0K [0x00000000c0000000, 0x00000000c5580000, 0x00000000eab00000)
  object space 87552K, 0% used [0x00000000c0000000,0x00000000c0000000,0x00000000c5580000)
 Metaspace       used 5725K, capacity 6706K, committed 6784K, reserved 1056768K
  class space    used 597K, capacity 618K, committed 640K, reserved 1048576K

Card table byte_map: [0x00000000118c0000,0x0000000011ad0000] byte_map_base: 0x00000000112c0000

Marking Bits: (ParMarkBitMap*) 0x00000000684f0600
 Begin Bits: [0x0000000012290000, 0x0000000013290000)
 End Bits:   [0x0000000013290000, 0x0000000014290000)

Polling page: 0x0000000000110000

CodeCache: size=245760Kb used=3045Kb max_used=3056Kb free=242714Kb
 bounds [0x0000000002500000, 0x0000000002810000, 0x0000000011500000]
 total_blobs=1057 nmethods=788 adapters=182
 compilation: enabled

Compilation events (10 events):
Event: 3.967 Thread 0x00000000561b3800  805  s    4       java.util.Stack::pop (19 bytes)
Event: 3.969 Thread 0x000000005621c800 nmethod 804 0x00000000027e7910 code [0x00000000027e7a60, 0x00000000027e7cb8]
Event: 3.971 Thread 0x00000000561b3800 nmethod 805 0x00000000027ef050 code [0x00000000027ef1a0, 0x00000000027ef478]
Event: 3.985 Thread 0x000000005621c800  806       4       com.android.dx.rop.code.RegisterSpecList::<init> (6 bytes)
Event: 3.986 Thread 0x000000005621c800 nmethod 806 0x00000000027eecd0 code [0x00000000027eee20, 0x00000000027eef58]
Event: 3.990 Thread 0x00000000561b3800  808   !   4       com.android.dx.util.IntList::<init> (37 bytes)
Event: 3.992 Thread 0x00000000561b3800 nmethod 808 0x00000000027ee8d0 code [0x00000000027eea20, 0x00000000027eeb58]
Event: 3.995 Thread 0x000000005621c800  811       4       com.android.dx.rop.type.Type::equals (31 bytes)
Event: 3.995 Thread 0x00000000561b3800  812  s    4       java.util.Vector::add (39 bytes)
Event: 3.996 Thread 0x000000005621c800 nmethod 811 0x00000000027f98d0 code [0x00000000027f9a20, 0x00000000027f9b98]

GC Heap History (0 events):
No events

Deoptimization events (3 events):
Event: 3.353 Thread 0x0000000056355800 Uncommon trap: reason=unstable_if action=reinterpret pc=0x000000000270f14c method=java.util.HashMap.getNode(ILjava/lang/Object;)Ljava/util/HashMap$Node; @ 129
Event: 3.933 Thread 0x000000005634a000 Uncommon trap: reason=unstable_if action=reinterpret pc=0x00000000027ac31c method=com.android.dx.rop.code.RegisterSpecSet.put(Lcom/android/dx/rop/code/RegisterSpec;)V @ 77
Event: 3.933 Thread 0x000000005634a000 Uncommon trap: reason=unstable_if action=reinterpret pc=0x00000000027eabd8 method=com.android.dx.rop.code.RegisterSpecSet.put(Lcom/android/dx/rop/code/RegisterSpec;)V @ 77

Internal exceptions (2 events):
Event: 0.312 Thread 0x0000000001ebe800 Exception <a 'java/lang/NoSuchMethodError': Method sun.misc.Unsafe.defineClass(Ljava/lang/String;[BII)Ljava/lang/Class; name or signature does not match> (0x00000000eab07cc0) thrown at [C:\re\workspace\8-2-build-windows-amd64-cygwin\jdk8u74\6087\hotspot\srbsçJhúÓ?
Event: 0.312 Thread 0x0000000001ebe800 Exception <a 'java/lang/NoSuchMethodError': Method sun.misc.Unsafe.prefetchRead(Ljava/lang/Object;J)V name or signature does not match> (0x00000000eab07fa8) thrown at [C:\re\workspace\8-2-build-windows-amd64-cygwin\jdk8u74\6087\hotspot\src\share\vm\prims\j

Events (10 events):
Event: 3.462 loading class com/android/dx/dex/file/FieldAnnotationStruct
Event: 3.462 loading class com/android/dx/dex/file/FieldAnnotationStruct done
Event: 3.487 Executing VM operation: ForceSafepoint
Event: 3.886 Executing VM operation: ForceSafepoint done
Event: 3.933 Thread 0x000000005634a000 Uncommon trap: trap_request=0xffffff65 fr.pc=0x00000000027ac31c
Event: 3.933 Thread 0x000000005634a000 DEOPT PACKING pc=0x00000000027ac31c sp=0x000000005746ec50
Event: 3.933 Thread 0x000000005634a000 DEOPT UNPACKING pc=0x000000000254582a sp=0x000000005746ebd8 mode 2
Event: 3.933 Thread 0x000000005634a000 Uncommon trap: trap_request=0xffffff65 fr.pc=0x00000000027eabd8
Event: 3.933 Thread 0x000000005634a000 DEOPT PACKING pc=0x00000000027eabd8 sp=0x000000005746ec40
Event: 3.933 Thread 0x000000005634a000 DEOPT UNPACKING pc=0x000000000254582a sp=0x000000005746eb60 mode 2


Dynamic libraries:
0x000000013f490000 - 0x000000013f4c7000 	C:\Program Files\Java\jdk1.8.0_74\bin\java.exe
0x0000000077a90000 - 0x0000000077c3a000 	C:\Windows\SYSTEM32\ntdll.dll
0x0000000077870000 - 0x000000007798f000 	C:\Windows\system32\kernel32.dll
0x000007fefda50000 - 0x000007fefdaba000 	C:\Windows\system32\KERNELBASE.dll
0x000007feffac0000 - 0x000007feffb9b000 	C:\Windows\system32\ADVAPI32.dll
0x000007feffd00000 - 0x000007feffd9f000 	C:\Windows\system32\msvcrt.dll
0x000007fefea00000 - 0x000007fefea1f000 	C:\Windows\SYSTEM32\sechost.dll
0x000007feff010000 - 0x000007feff13d000 	C:\Windows\system32\RPCRT4.dll
0x0000000077990000 - 0x0000000077a8a000 	C:\Windows\system32\USER32.dll
0x000007fefef90000 - 0x000007fefeff7000 	C:\Windows\system32\GDI32.dll
0x000007feff000000 - 0x000007feff00e000 	C:\Windows\system32\LPK.dll
0x000007fefea20000 - 0x000007fefeaea000 	C:\Windows\system32\USP10.dll
0x000007fefc830000 - 0x000007fefca24000 	C:\Windows\WinSxS\amd64_microsoft.windows.common-controls_6595b64144ccf1df_6.0.7601.18837_none_fa3b1e3d17594757\COMCTL32.dll
0x000007feffba0000 - 0x000007feffc11000 	C:\Windows\system32\SHLWAPI.dll
0x000007feffc30000 - 0x000007feffc5e000 	C:\Windows\system32\IMM32.DLL
0x000007feff5f0000 - 0x000007feff6f9000 	C:\Windows\system32\MSCTF.dll
0x000000005eda0000 - 0x000000005ee72000 	C:\Program Files\Java\jdk1.8.0_74\jre\bin\msvcr100.dll
0x0000000067ce0000 - 0x0000000068570000 	C:\Program Files\Java\jdk1.8.0_74\jre\bin\server\jvm.dll
0x000007fefb070000 - 0x000007fefb079000 	C:\Windows\system32\WSOCK32.dll
0x000007feff5a0000 - 0x000007feff5ed000 	C:\Windows\system32\WS2_32.dll
0x000007feffc20000 - 0x000007feffc28000 	C:\Windows\system32\NSI.dll
0x000007fefb7f0000 - 0x000007fefb82b000 	C:\Windows\system32\WINMM.dll
0x000007fefc590000 - 0x000007fefc59c000 	C:\Windows\system32\VERSION.dll
0x0000000077c50000 - 0x0000000077c57000 	C:\Windows\system32\PSAPI.DLL
0x000000006f7e0000 - 0x000000006f7ef000 	C:\Program Files\Java\jdk1.8.0_74\jre\bin\verify.dll
0x000000006f230000 - 0x000000006f259000 	C:\Program Files\Java\jdk1.8.0_74\jre\bin\java.dll
0x000000006f210000 - 0x000000006f226000 	C:\Program Files\Java\jdk1.8.0_74\jre\bin\zip.dll
0x000007fefdc70000 - 0x000007fefe9f9000 	C:\Windows\system32\SHELL32.dll
0x000007fefeaf0000 - 0x000007fefecf3000 	C:\Windows\system32\ole32.dll
0x000007fefd820000 - 0x000007fefd82f000 	C:\Windows\system32\profapi.dll

VM Arguments:
jvm_args: -Djava.awt.headless=true -Xmx1024M -Dfile.encoding=windows-1252 -Duser.country=US -Duser.language=en -Duser.variant 
java_command: com.android.dx.command.Main --dex --force-jumbo --num-threads=4 --multi-dex --output C:\Anirudh\Learn\Udacity\AndroidBasics\InventoryApp\app\build\intermediates\transforms\dex\debug\folders\1000\10\instant-run_dc3e7de6df1a58b6176272a59fc6e0eacbf946b1 C:\Anirudh\Learn\Udacity\AndroidBasics\InventoryApp\app\build\intermediates\incremental-runtime-classes\debug\instant-run.jar
java_class_path (initial): C:\Users\anirudha.joshi\AppData\Local\Android\sdk\build-tools\23.0.3\lib\dx.jar
Launcher Type: SUN_STANDARD

Environment Variables:
PATH=C:\ProgramData\Oracle\Java\javapath;c:\Program Files (x86)\Intel\iCLS Client\;c:\Program Files\Intel\iCLS Client\;C:\Windows\SYSTEM32;C:\Windows;C:\Windows\SYSTEM32\WBEM;C:\Windows\SYSTEM32\WINDOWSPOWERSHELL\V1.0\;C:\PROGRAM FILES (X86)\ATI TECHNOLOGIES\ATI.ACE\CORE-STATIC;C:\PROGRAM FILES (X86)\COMMON FILES\ROXIO SHARED\OEM\DLLSHARED\;C:\PROGRAM FILES (X86)\COMMON FILES\ROXIO SHARED\OEM\DLLSHARED\;C:\PROGRAM FILES (X86)\COMMON FILES\ROXIO SHARED\OEM\12.0\DLLSHARED\;C:\PROGRAM FILES (X86)\ROXIO\OEM\AUDIOCORE\;C:\PROGRAM FILES (X86)\INTEL\SERVICES\IPT\;c:\Program Files\WIDCOMM\Bluetooth Software\;c:\Program Files\WIDCOMM\Bluetooth Software\syswow64;C:\Program Files\Intel\Intel(R) Management Engine Components\DAL;C:\Program Files\Intel\Intel(R) Management Engine Components\IPT;C:\Program Files (x86)\Intel\Intel(R) Management Engine Components\DAL;C:\Program Files (x86)\Intel\Intel(R) Management Engine Components\IPT;C:\Program Files (x86)\Microsoft SQL Server\100\Tools\Binn\;C:\Program Files\Microsoft SQL Server\100\Tools\Binn\;C:\Program Files\Microsoft SQL Server\100\DTS\Binn\;C:\Program Files (x86)\Microsoft SQL Server\100\Tools\Binn\VSShell\Common7\IDE\;C:\Program Files (x86)\Microsoft Visual Studio 9.0\Common7\IDE\PrivateAssemblies\;C:\Program Files (x86)\Microsoft SQL Server\100\DTS\Binn\;c:\Program Files\Microsoft SQL Server\110\Tools\Binn\;c:\Program Files (x86)\Microsoft SQL Server\110\Tools\Binn\;c:\Program Files\Microsoft SQL Server\110\DTS\Binn\;c:\Program Files (x86)\Microsoft SQL Server\110\Tools\Binn\ManagementStudio\;c:\Program Files (x86)\Microsoft SQL Server\110\DTS\Binn\;C:\opscode\chef\bin\;C:\Program Files\Microsoft SQL Server\130\Tools\Binn\;C:\Anirudh\Learn\Udacity\Python\Scripts\;C:\Anirudh\Learn\Udacity\Python\;C:\Chocolatey\bin;C:\Users\anirudha.joshi\AppData\Roaming\scriptcs;c:\Inveshare\projects\xsd;
USERNAME=anirudha.joshi
OS=Windows_NT
PROCESSOR_IDENTIFIER=Intel64 Family 6 Model 69 Stepping 1, GenuineIntel



---------------  S Y S T E M  ---------------

OS: Windows 7 , 64 bit Build 7601 (6.1.7601.23418)

CPU:total 4 (2 cores per cpu, 2 threads per core) family 6 model 69 stepping 1, cmov, cx8, fxsr, mmx, sse, sse2, sse3, ssse3, sse4.1, sse4.2, popcnt, avx, avx2, aes, clmul, erms, lzcnt, ht, tsc, tscinvbit, bmi1, bmi2

Memory: 4k page, physical 8283248k(92172k free), swap 12475692k(5024k free)

vm_info: Java HotSpot(TM) 64-Bit Server VM (25.74-b02) for windows-amd64 JRE (1.8.0_74-b02), built on Jan 29 2016 17:42:36 by "java_re" with MS VC++ 10.0 (VS2010)

time: Sun Jul 17 16:26:45 2016
elapsed time: 4 seconds (0d 0h 0m 4s)

