#
# There is insufficient memory for the Java Runtime Environment to continue.
# Native memory allocation (malloc) failed to allocate 32744 bytes for ChunkPool::allocate
# Possible reasons:
#   The system is out of physical RAM or swap space
#   In 32 bit mode, the process size limit was hit
# Possible solutions:
#   Reduce memory load on the system
#   Increase physical memory or swap space
#   Check if swap backing store is full
#   Use 64 bit Java on a 64 bit OS
#   Decrease Java heap size (-Xmx/-Xms)
#   Decrease number of Java threads
#   Decrease Java thread stack sizes (-Xss)
#   Set larger code cache with -XX:ReservedCodeCacheSize=
# This output file may be truncated or incomplete.
#
#  Out of Memory Error (allocation.cpp:273), pid=12684, tid=14556
#
# JRE version: Java(TM) SE Runtime Environment (8.0_74-b02) (build 1.8.0_74-b02)
# Java VM: Java HotSpot(TM) 64-Bit Server VM (25.74-b02 mixed mode windows-amd64 compressed oops)
# Failed to write core dump. Minidumps are not enabled by default on client versions of Windows
#

---------------  T H R E A D  ---------------

Current thread (0x0000000056137000):  JavaThread "C2 CompilerThread1" daemon [_thread_in_native, id=14556, stack(0x0000000056bf0000,0x0000000056cf0000)]

Stack: [0x0000000056bf0000,0x0000000056cf0000]
[error occurred during error reporting (printing stack bounds), id 0xc0000005]

Native frames: (J=compiled Java code, j=interpreted, Vv=VM code, C=native code)


Current CompileTask:
C2:   7204 1973       4       com.android.dx.cf.code.Simulator$SimVisitor::visitConstant (332 bytes)


---------------  P R O C E S S  ---------------

Java Threads: ( => current thread )
  0x0000000056417000 JavaThread "pool-2-thread-4" [_thread_blocked, id=14452, stack(0x0000000057760000,0x0000000057860000)]
  0x00000000563c7800 JavaThread "pool-2-thread-3" [_thread_blocked, id=8452, stack(0x0000000057570000,0x0000000057670000)]
  0x00000000563c7000 JavaThread "pool-2-thread-2" [_thread_in_Java, id=15240, stack(0x0000000057050000,0x0000000057150000)]
  0x00000000563c2000 JavaThread "pool-3-thread-1" [_thread_blocked, id=7148, stack(0x00000000573d0000,0x00000000574d0000)]
  0x00000000563c1000 JavaThread "pool-2-thread-1" [_thread_blocked, id=14380, stack(0x0000000057180000,0x0000000057280000)]
  0x000000005618c800 JavaThread "Service Thread" daemon [_thread_blocked, id=11172, stack(0x0000000056d90000,0x0000000056e90000)]
  0x0000000056187000 JavaThread "C1 CompilerThread2" daemon [_thread_blocked, id=7884, stack(0x0000000056680000,0x0000000056780000)]
=>0x0000000056137000 JavaThread "C2 CompilerThread1" daemon [_thread_in_native, id=14556, stack(0x0000000056bf0000,0x0000000056cf0000)]
  0x0000000056134800 JavaThread "C2 CompilerThread0" daemon [_thread_in_native, id=10444, stack(0x0000000056a00000,0x0000000056b00000)]
  0x0000000056131800 JavaThread "Attach Listener" daemon [_thread_blocked, id=14344, stack(0x0000000056850000,0x0000000056950000)]
  0x0000000054e03800 JavaThread "Signal Dispatcher" daemon [_thread_blocked, id=7204, stack(0x0000000056560000,0x0000000056660000)]
  0x0000000054dec800 JavaThread "Finalizer" daemon [_thread_blocked, id=3708, stack(0x0000000056030000,0x0000000056130000)]
  0x0000000054da5000 JavaThread "Reference Handler" daemon [_thread_blocked, id=14180, stack(0x0000000055e50000,0x0000000055f50000)]
  0x0000000001e7e800 JavaThread "main" [_thread_blocked, id=7604, stack(0x0000000001fc0000,0x00000000020c0000)]

Other Threads:
  0x0000000054d9d800 VMThread [stack: 0x0000000055d20000,0x0000000055e20000] [id=12124]
  0x00000000561a5800 WatcherThread [stack: 0x0000000056f10000,0x0000000057010000] [id=14316]

VM state:not at safepoint (normal execution)

VM Mutex/Monitor currently owned by a thread: None

Heap:
 PSYoungGen      total 38400K, used 26228K [0x00000000eab00000, 0x00000000ef600000, 0x0000000100000000)
  eden space 33280K, 63% used [0x00000000eab00000,0x00000000ebf9f928,0x00000000ecb80000)
  from space 5120K, 99% used [0x00000000ecb80000,0x00000000ed07d880,0x00000000ed080000)
  to   space 5120K, 0% used [0x00000000ef100000,0x00000000ef100000,0x00000000ef600000)
 ParOldGen       total 87552K, used 11351K [0x00000000c0000000, 0x00000000c5580000, 0x00000000eab00000)
  object space 87552K, 12% used [0x00000000c0000000,0x00000000c0b15da0,0x00000000c5580000)
 Metaspace       used 6479K, capacity 7192K, committed 7424K, reserved 1056768K
  class space    used 624K, capacity 656K, committed 768K, reserved 1048576K

Card table byte_map: [0x0000000011750000,0x0000000011960000] byte_map_base: 0x0000000011150000

Marking Bits: (ParMarkBitMap*) 0x0000000067a70600
 Begin Bits: [0x0000000012210000, 0x0000000013210000)
 End Bits:   [0x0000000013210000, 0x0000000014210000)

Polling page: 0x0000000001b40000

CodeCache: size=245760Kb used=8467Kb max_used=8483Kb free=237292Kb
 bounds [0x0000000002390000, 0x0000000002bf0000, 0x0000000011390000]
 total_blobs=2218 nmethods=1949 adapters=182
 compilation: enabled

Compilation events (10 events):
Event: 6.562 Thread 0x0000000056134800 1980       4       java.util.TreeMap$PrivateEntryIterator::hasNext (13 bytes)
Event: 6.562 Thread 0x0000000056134800 nmethod 1980 0x000000000292c710 code [0x000000000292c840, 0x000000000292c898]
Event: 6.562 Thread 0x0000000056134800 1975       4       com.android.dx.rop.code.BasicBlockList$RegCountVisitor::visitPlainCstInsn (6 bytes)
Event: 6.568 Thread 0x0000000056134800 nmethod 1975 0x0000000002bccd10 code [0x0000000002bcce60, 0x0000000002bcd0d8]
Event: 6.569 Thread 0x0000000056134800 1982       4       java.util.BitSet::set (124 bytes)
Event: 6.573 Thread 0x0000000056134800 nmethod 1982 0x0000000002bd6890 code [0x0000000002bd69e0, 0x0000000002bd6c08]
Event: 6.573 Thread 0x0000000056134800 1984 %     4       com.android.dx.ssa.SsaConverter::placePhiFunctions @ 53 (394 bytes)
Event: 6.825 Thread 0x0000000056134800 nmethod 1984% 0x0000000002bdb3d0 code [0x0000000002bdb6c0, 0x0000000002bde450]
Event: 6.825 Thread 0x0000000056134800 1990   !   4       com.android.dx.cf.code.Ropper::processBlock (1101 bytes)
Event: 7.198 Thread 0x0000000056187000 1993   !   3       com.android.dx.cf.direct.DirectClassFile::parse (75 bytes)

GC Heap History (6 events):
Event: 2.090 GC heap before
{Heap before GC invocations=1 (full 0):
 PSYoungGen      total 38400K, used 33280K [0x00000000eab00000, 0x00000000ed580000, 0x0000000100000000)
  eden space 33280K, 100% used [0x00000000eab00000,0x00000000ecb80000,0x00000000ecb80000)
  from space 5120K, 0% used [0x00000000ed080000,0x00000000ed080000,0x00000000ed580000)
  to   space 5120K, 0% used [0x00000000ecb80000,0x00000000ecb80000,0x00000000ed080000)
 ParOldGen       total 87552K, used 0K [0x00000000c0000000, 0x00000000c5580000, 0x00000000eab00000)
  object space 87552K, 0% used [0x00000000c0000000,0x00000000c0000000,0x00000000c5580000)
 Metaspace       used 6041K, capacity 6872K, committed 7168K, reserved 1056768K
  class space    used 617K, capacity 656K, committed 768K, reserved 1048576K
Event: 2.108 GC heap after
Heap after GC invocations=1 (full 0):
 PSYoungGen      total 38400K, used 5114K [0x00000000eab00000, 0x00000000ed580000, 0x0000000100000000)
  eden space 33280K, 0% used [0x00000000eab00000,0x00000000eab00000,0x00000000ecb80000)
  from space 5120K, 99% used [0x00000000ecb80000,0x00000000ed07ea20,0x00000000ed080000)
  to   space 5120K, 0% used [0x00000000ed080000,0x00000000ed080000,0x00000000ed580000)
 ParOldGen       total 87552K, used 1049K [0x00000000c0000000, 0x00000000c5580000, 0x00000000eab00000)
  object space 87552K, 1% used [0x00000000c0000000,0x00000000c0106780,0x00000000c5580000)
 Metaspace       used 6041K, capacity 6872K, committed 7168K, reserved 1056768K
  class space    used 617K, capacity 656K, committed 768K, reserved 1048576K
}
Event: 3.279 GC heap before
{Heap before GC invocations=2 (full 0):
 PSYoungGen      total 38400K, used 38394K [0x00000000eab00000, 0x00000000ed580000, 0x0000000100000000)
  eden space 33280K, 100% used [0x00000000eab00000,0x00000000ecb80000,0x00000000ecb80000)
  from space 5120K, 99% used [0x00000000ecb80000,0x00000000ed07ea20,0x00000000ed080000)
  to   space 5120K, 0% used [0x00000000ed080000,0x00000000ed080000,0x00000000ed580000)
 ParOldGen       total 87552K, used 1049K [0x00000000c0000000, 0x00000000c5580000, 0x00000000eab00000)
  object space 87552K, 1% used [0x00000000c0000000,0x00000000c0106780,0x00000000c5580000)
 Metaspace       used 6338K, capacity 7128K, committed 7424K, reserved 1056768K
  class space    used 623K, capacity 656K, committed 768K, reserved 1048576K
Event: 3.424 GC heap after
Heap after GC invocations=2 (full 0):
 PSYoungGen      total 38400K, used 5110K [0x00000000eab00000, 0x00000000ef600000, 0x0000000100000000)
  eden space 33280K, 0% used [0x00000000eab00000,0x00000000eab00000,0x00000000ecb80000)
  from space 5120K, 99% used [0x00000000ed080000,0x00000000ed57d860,0x00000000ed580000)
  to   space 5120K, 0% used [0x00000000ecb80000,0x00000000ecb80000,0x00000000ed080000)
 ParOldGen       total 87552K, used 5707K [0x00000000c0000000, 0x00000000c5580000, 0x00000000eab00000)
  object space 87552K, 6% used [0x00000000c0000000,0x00000000c0592fc8,0x00000000c5580000)
 Metaspace       used 6338K, capacity 7128K, committed 7424K, reserved 1056768K
  class space    used 623K, capacity 656K, committed 768K, reserved 1048576K
}
Event: 5.654 GC heap before
{Heap before GC invocations=3 (full 0):
 PSYoungGen      total 38400K, used 38390K [0x00000000eab00000, 0x00000000ef600000, 0x0000000100000000)
  eden space 33280K, 100% used [0x00000000eab00000,0x00000000ecb80000,0x00000000ecb80000)
  from space 5120K, 99% used [0x00000000ed080000,0x00000000ed57d860,0x00000000ed580000)
  to   space 5120K, 0% used [0x00000000ecb80000,0x00000000ecb80000,0x00000000ed080000)
 ParOldGen       total 87552K, used 5707K [0x00000000c0000000, 0x00000000c5580000, 0x00000000eab00000)
  object space 87552K, 6% used [0x00000000c0000000,0x00000000c0592fc8,0x00000000c5580000)
 Metaspace       used 6401K, capacity 7128K, committed 7424K, reserved 1056768K
  class space    used 623K, capacity 656K, committed 768K, reserved 1048576K
Event: 5.700 GC heap after
Heap after GC invocations=3 (full 0):
 PSYoungGen      total 38400K, used 5110K [0x00000000eab00000, 0x00000000ef600000, 0x0000000100000000)
  eden space 33280K, 0% used [0x00000000eab00000,0x00000000eab00000,0x00000000ecb80000)
  from space 5120K, 99% used [0x00000000ecb80000,0x00000000ed07d880,0x00000000ed080000)
  to   space 5120K, 0% used [0x00000000ef100000,0x00000000ef100000,0x00000000ef600000)
 ParOldGen       total 87552K, used 11351K [0x00000000c0000000, 0x00000000c5580000, 0x00000000eab00000)
  object space 87552K, 12% used [0x00000000c0000000,0x00000000c0b15da0,0x00000000c5580000)
 Metaspace       used 6401K, capacity 7128K, committed 7424K, reserved 1056768K
  class space    used 623K, capacity 656K, committed 768K, reserved 1048576K
}

Deoptimization events (10 events):
Event: 2.286 Thread 0x0000000056417000 Uncommon trap: reason=class_check action=maybe_recompile pc=0x00000000025fe320 method=com.android.dx.ssa.NormalSsaInsn.accept(Lcom/android/dx/ssa/SsaInsn$Visitor;)V @ 9
Event: 2.570 Thread 0x00000000563c7000 Uncommon trap: reason=unstable_if action=reinterpret pc=0x0000000002957f40 method=com.android.dx.ssa.LiteralOpUpgrader$1.visitNonMoveInsn(Lcom/android/dx/ssa/NormalSsaInsn;)V @ 151
Event: 2.770 Thread 0x0000000001e7e800 Uncommon trap: reason=unstable_if action=reinterpret pc=0x0000000002810168 method=com.android.dx.rop.cst.StdConstantPool.set(ILcom/android/dx/rop/cst/Constant;)V @ 12
Event: 2.856 Thread 0x0000000056417000 Uncommon trap: reason=bimorphic action=maybe_recompile pc=0x0000000002997bd4 method=com.android.dx.rop.code.RegisterSpec.withSimpleType()Lcom/android/dx/rop/code/RegisterSpec; @ 21
Event: 2.908 Thread 0x00000000563c7800 Uncommon trap: reason=null_check action=make_not_entrant pc=0x00000000027ec918 method=com.android.dx.rop.type.Type.equals(Ljava/lang/Object;)Z @ 8
Event: 3.028 Thread 0x00000000563c7000 Uncommon trap: reason=unstable_if action=reinterpret pc=0x0000000002a03cd8 method=com.android.dx.ssa.SCCP.simulateBranch(Lcom/android/dx/ssa/SsaInsn;)V @ 64
Event: 3.200 Thread 0x00000000563c7800 Uncommon trap: reason=unstable_if action=reinterpret pc=0x00000000028eddb0 method=com.android.dx.ssa.MoveParamCombiner$1.visitNonMoveInsn(Lcom/android/dx/ssa/NormalSsaInsn;)V @ 27
Event: 4.957 Thread 0x00000000563c1000 Uncommon trap: reason=unstable_if action=reinterpret pc=0x0000000002ace4ac method=com.android.dx.cf.code.RopperMachine.jopToRopOpcode(ILcom/android/dx/rop/cst/Constant;)I @ 1044
Event: 5.928 Thread 0x0000000056417000 Uncommon trap: reason=class_check action=maybe_recompile pc=0x0000000002b5778c method=com.android.dx.cf.code.RopperMachine.run(Lcom/android/dx/cf/code/Frame;II)V @ 310
Event: 6.482 Thread 0x0000000001e7e800 Uncommon trap: reason=unloaded action=reinterpret pc=0x0000000002a46f00 method=com.android.dx.cf.cst.ConstantPoolParser.parse0(ILjava/util/BitSet;)Lcom/android/dx/rop/cst/Constant; @ 220

Internal exceptions (6 events):
Event: 0.094 Thread 0x0000000001e7e800 Exception <a 'java/lang/NoSuchMethodError': Method sun.misc.Unsafe.defineClass(Ljava/lang/String;[BII)Ljava/lang/Class; name or signature does not match> (0x00000000eab07cc0) thrown at [C:\re\workspace\8-2-build-windows-amd64-cygwin\jdk8u74\6087\hotspot\sr›¬g%%¸?
Event: 0.094 Thread 0x0000000001e7e800 Exception <a 'java/lang/NoSuchMethodError': Method sun.misc.Unsafe.prefetchRead(Ljava/lang/Object;J)V name or signature does not match> (0x00000000eab07fa8) thrown at [C:\re\workspace\8-2-build-windows-amd64-cygwin\jdk8u74\6087\hotspot\src\share\vm\prims\jéW@3ó?
Event: 1.200 Thread 0x0000000001e7e800 Exception <a 'java/lang/ArrayIndexOutOfBoundsException': 18> (0x00000000ebf0b158) thrown at [C:\re\workspace\8-2-build-windows-amd64-cygwin\jdk8u74\6087\hotspot\src\share\vm\interpreter\interpreterRuntime.cpp, line 366]
Event: 1.202 Thread 0x0000000001e7e800 Exception <a 'java/lang/ArrayIndexOutOfBoundsException'> (0x00000000ebf0ccd8) thrown at [C:\re\workspace\8-2-build-windows-amd64-cygwin\jdk8u74\6087\hotspot\src\share\vm\runtime\sharedRuntime.cpp, line 605]
Event: 1.203 Thread 0x0000000001e7e800 Exception <a 'java/lang/ArrayIndexOutOfBoundsException'> (0x00000000ebf0dfc0) thrown at [C:\re\workspace\8-2-build-windows-amd64-cygwin\jdk8u74\6087\hotspot\src\share\vm\runtime\sharedRuntime.cpp, line 605]
Event: 2.908 Thread 0x00000000563c7800 Implicit null exception at 0x00000000027ec812 to 0x00000000027ec90a

Events (10 events):
Event: 5.653 Executing VM operation: ParallelGCFailedAllocation
Event: 5.700 Executing VM operation: ParallelGCFailedAllocation done
Event: 5.922 loading class com/android/dx/cf/attrib/AttRuntimeInvisibleParameterAnnotations
Event: 5.922 loading class com/android/dx/cf/attrib/AttRuntimeInvisibleParameterAnnotations done
Event: 5.928 Thread 0x0000000056417000 Uncommon trap: trap_request=0xffffffde fr.pc=0x0000000002b5778c
Event: 5.928 Thread 0x0000000056417000 DEOPT PACKING pc=0x0000000002b5778c sp=0x000000005785dfa0
Event: 5.928 Thread 0x0000000056417000 DEOPT UNPACKING pc=0x00000000023d582a sp=0x000000005785df40 mode 2
Event: 6.482 Thread 0x0000000001e7e800 Uncommon trap: trap_request=0x000000d2 fr.pc=0x0000000002a46f00
Event: 6.482 Thread 0x0000000001e7e800 DEOPT PACKING pc=0x0000000002a46f00 sp=0x00000000020be8d0
Event: 6.482 Thread 0x0000000001e7e800 DEOPT UNPACKING pc=0x00000000023d582a sp=0x00000000020be910 mode 2


Dynamic libraries:
0x000000013f550000 - 0x000000013f587000 	C:\Program Files\Java\jdk1.8.0_74\bin\java.exe
0x0000000076d00000 - 0x0000000076eaa000 	C:\Windows\SYSTEM32\ntdll.dll
0x0000000076be0000 - 0x0000000076cff000 	C:\Windows\system32\kernel32.dll
0x000007fefcae0000 - 0x000007fefcb4a000 	C:\Windows\system32\KERNELBASE.dll
0x000007fefec00000 - 0x000007fefecdb000 	C:\Windows\system32\ADVAPI32.dll
0x000007fefd520000 - 0x000007fefd5bf000 	C:\Windows\system32\msvcrt.dll
0x000007fefeff0000 - 0x000007feff00f000 	C:\Windows\SYSTEM32\sechost.dll
0x000007fefece0000 - 0x000007fefee0d000 	C:\Windows\system32\RPCRT4.dll
0x0000000076ae0000 - 0x0000000076bda000 	C:\Windows\system32\USER32.dll
0x000007fefeb80000 - 0x000007fefebe7000 	C:\Windows\system32\GDI32.dll
0x000007fefcf80000 - 0x000007fefcf8e000 	C:\Windows\system32\LPK.dll
0x000007fefea30000 - 0x000007fefeafa000 	C:\Windows\system32\USP10.dll
0x000007fefbab0000 - 0x000007fefbca4000 	C:\Windows\WinSxS\amd64_microsoft.windows.common-controls_6595b64144ccf1df_6.0.7601.18837_none_fa3b1e3d17594757\COMCTL32.dll
0x000007fefeb00000 - 0x000007fefeb71000 	C:\Windows\system32\SHLWAPI.dll
0x000007fefe440000 - 0x000007fefe46e000 	C:\Windows\system32\IMM32.DLL
0x000007fefd410000 - 0x000007fefd519000 	C:\Windows\system32\MSCTF.dll
0x0000000062570000 - 0x0000000062642000 	C:\Program Files\Java\jdk1.8.0_74\jre\bin\msvcr100.dll
0x0000000067260000 - 0x0000000067af0000 	C:\Program Files\Java\jdk1.8.0_74\jre\bin\server\jvm.dll
0x000007fefaa30000 - 0x000007fefaa39000 	C:\Windows\system32\WSOCK32.dll
0x000007fefd5c0000 - 0x000007fefd60d000 	C:\Windows\system32\WS2_32.dll
0x000007fefebf0000 - 0x000007fefebf8000 	C:\Windows\system32\NSI.dll
0x000007fefb180000 - 0x000007fefb1bb000 	C:\Windows\system32\WINMM.dll
0x000007fefb800000 - 0x000007fefb80c000 	C:\Windows\system32\VERSION.dll
0x0000000076ed0000 - 0x0000000076ed7000 	C:\Windows\system32\PSAPI.DLL
0x000000006e800000 - 0x000000006e80f000 	C:\Program Files\Java\jdk1.8.0_74\jre\bin\verify.dll
0x000000006e2b0000 - 0x000000006e2d9000 	C:\Program Files\Java\jdk1.8.0_74\jre\bin\java.dll
0x000000006e1e0000 - 0x000000006e1f6000 	C:\Program Files\Java\jdk1.8.0_74\jre\bin\zip.dll
0x000007fefd610000 - 0x000007fefe399000 	C:\Windows\system32\SHELL32.dll
0x000007fefe820000 - 0x000007fefea23000 	C:\Windows\system32\ole32.dll
0x000007fefca80000 - 0x000007fefca8f000 	C:\Windows\system32\profapi.dll

VM Arguments:
jvm_args: -Djava.awt.headless=true -Xmx1024M -Dfile.encoding=windows-1252 -Duser.country=US -Duser.language=en -Duser.variant 
java_command: com.android.dx.command.Main --dex --force-jumbo --num-threads=4 --multi-dex --output C:\Anirudh\Learn\Udacity\AndroidBasics\InventoryApp\app\build\intermediates\transforms\dex\debug\folders\1000\10\stetho-1.3.1_9a7067fa89ef6f24027123edfe97d9f5293994db C:\Users\anirudha.joshi\.gradle\caches\modules-2\files-2.1\com.facebook.stetho\stetho\1.3.1\2c4076b466a0eb4d6ddf5721edd35cd1adc1f317\stetho-1.3.1.jar
java_class_path (initial): C:\Users\anirudha.joshi\AppData\Local\Android\sdk\build-tools\23.0.3\lib\dx.jar
Launcher Type: SUN_STANDARD

Environment Variables:
PATH=C:\ProgramData\Oracle\Java\javapath;c:\Program Files (x86)\Intel\iCLS Client\;c:\Program Files\Intel\iCLS Client\;C:\Windows\SYSTEM32;C:\Windows;C:\Windows\SYSTEM32\WBEM;C:\Windows\SYSTEM32\WINDOWSPOWERSHELL\V1.0\;C:\PROGRAM FILES (X86)\ATI TECHNOLOGIES\ATI.ACE\CORE-STATIC;C:\PROGRAM FILES (X86)\COMMON FILES\ROXIO SHARED\OEM\DLLSHARED\;C:\PROGRAM FILES (X86)\COMMON FILES\ROXIO SHARED\OEM\DLLSHARED\;C:\PROGRAM FILES (X86)\COMMON FILES\ROXIO SHARED\OEM\12.0\DLLSHARED\;C:\PROGRAM FILES (X86)\ROXIO\OEM\AUDIOCORE\;C:\PROGRAM FILES (X86)\INTEL\SERVICES\IPT\;c:\Program Files\WIDCOMM\Bluetooth Software\;c:\Program Files\WIDCOMM\Bluetooth Software\syswow64;C:\Program Files\Intel\Intel(R) Management Engine Components\DAL;C:\Program Files\Intel\Intel(R) Management Engine Components\IPT;C:\Program Files (x86)\Intel\Intel(R) Management Engine Components\DAL;C:\Program Files (x86)\Intel\Intel(R) Management Engine Components\IPT;C:\Program Files (x86)\Microsoft SQL Server\100\Tools\Binn\;C:\Program Files\Microsoft SQL Server\100\Tools\Binn\;C:\Program Files\Microsoft SQL Server\100\DTS\Binn\;C:\Program Files (x86)\Microsoft SQL Server\100\Tools\Binn\VSShell\Common7\IDE\;C:\Program Files (x86)\Microsoft Visual Studio 9.0\Common7\IDE\PrivateAssemblies\;C:\Program Files (x86)\Microsoft SQL Server\100\DTS\Binn\;c:\Program Files\Microsoft SQL Server\110\Tools\Binn\;c:\Program Files (x86)\Microsoft SQL Server\110\Tools\Binn\;c:\Program Files\Microsoft SQL Server\110\DTS\Binn\;c:\Program Files (x86)\Microsoft SQL Server\110\Tools\Binn\ManagementStudio\;c:\Program Files (x86)\Microsoft SQL Server\110\DTS\Binn\;C:\opscode\chef\bin\;C:\Program Files\Microsoft SQL Server\130\Tools\Binn\;C:\Anirudh\Learn\Udacity\Python\Scripts\;C:\Anirudh\Learn\Udacity\Python\;C:\Chocolatey\bin;C:\Users\anirudha.joshi\AppData\Roaming\scriptcs;c:\Inveshare\projects\xsd;
USERNAME=Anirudha.Joshi
OS=Windows_NT
PROCESSOR_IDENTIFIER=Intel64 Family 6 Model 69 Stepping 1, GenuineIntel



---------------  S Y S T E M  ---------------

OS: Windows 7 , 64 bit Build 7601 (6.1.7601.23418)

CPU:total 4 (2 cores per cpu, 2 threads per core) family 6 model 69 stepping 1, cmov, cx8, fxsr, mmx, sse, sse2, sse3, ssse3, sse4.1, sse4.2, popcnt, avx, avx2, aes, clmul, erms, lzcnt, ht, tsc, tscinvbit, bmi1, bmi2

Memory: 4k page, physical 8283248k(129408k free), swap 12475692k(5008k free)

vm_info: Java HotSpot(TM) 64-Bit Server VM (25.74-b02) for windows-amd64 JRE (1.8.0_74-b02), built on Jan 29 2016 17:42:36 by "java_re" with MS VC++ 10.0 (VS2010)

time: Sat Jul 16 10:57:15 2016
elapsed time: 7 seconds (0d 0h 0m 7s)

