#
# There is insufficient memory for the Java Runtime Environment to continue.
# Native memory allocation (malloc) failed to allocate 39232 bytes for Chunk::new
# Possible reasons:
#   The system is out of physical RAM or swap space
#   In 32 bit mode, the process size limit was hit
# Possible solutions:
#   Reduce memory load on the system
#   Increase physical memory or swap space
#   Check if swap backing store is full
#   Use 64 bit Java on a 64 bit OS
#   Decrease Java heap size (-Xmx/-Xms)
#   Decrease number of Java threads
#   Decrease Java thread stack sizes (-Xss)
#   Set larger code cache with -XX:ReservedCodeCacheSize=
# This output file may be truncated or incomplete.
#
#  Out of Memory Error (allocation.cpp:390), pid=10560, tid=13152
#
# JRE version: Java(TM) SE Runtime Environment (8.0_74-b02) (build 1.8.0_74-b02)
# Java VM: Java HotSpot(TM) 64-Bit Server VM (25.74-b02 mixed mode windows-amd64 compressed oops)
# Failed to write core dump. Minidumps are not enabled by default on client versions of Windows
#

---------------  T H R E A D  ---------------

Current thread (0x00000000560d9800):  JavaThread "C2 CompilerThread1" daemon [_thread_in_native, id=13152, stack(0x0000000056ab0000,0x0000000056bb0000)]

Stack: [0x0000000056ab0000,0x0000000056bb0000]
[error occurred during error reporting (printing stack bounds), id 0xc0000005]

Native frames: (J=compiled Java code, j=interpreted, Vv=VM code, C=native code)


Current CompileTask:
C2:   6403 1428       4       com.android.dx.ssa.SsaRenamer$BlockRenamer::process (191 bytes)


---------------  P R O C E S S  ---------------

Java Threads: ( => current thread )
  0x00000000563b0800 JavaThread "pool-2-thread-4" [_thread_blocked, id=13464, stack(0x0000000057040000,0x0000000057140000)]
  0x00000000563b0000 JavaThread "pool-2-thread-3" [_thread_blocked, id=11432, stack(0x0000000057670000,0x0000000057770000)]
  0x00000000563a6800 JavaThread "pool-2-thread-2" [_thread_blocked, id=13520, stack(0x00000000574f0000,0x00000000575f0000)]
  0x000000005642f000 JavaThread "pool-3-thread-1" [_thread_blocked, id=4100, stack(0x0000000057350000,0x0000000057450000)]
  0x000000005642e800 JavaThread "pool-2-thread-1" [_thread_in_Java, id=14136, stack(0x0000000057160000,0x0000000057260000)]
  0x00000000560df000 JavaThread "Service Thread" daemon [_thread_blocked, id=13512, stack(0x0000000056740000,0x0000000056840000)]
  0x00000000560da800 JavaThread "C1 CompilerThread2" daemon [_thread_in_native, id=11588, stack(0x0000000056c80000,0x0000000056d80000)]
=>0x00000000560d9800 JavaThread "C2 CompilerThread1" daemon [_thread_in_native, id=13152, stack(0x0000000056ab0000,0x0000000056bb0000)]
  0x0000000056082800 JavaThread "C2 CompilerThread0" daemon [_thread_in_native, id=13784, stack(0x00000000568e0000,0x00000000569e0000)]
  0x0000000054ba6800 JavaThread "Attach Listener" daemon [_thread_blocked, id=13756, stack(0x0000000056620000,0x0000000056720000)]
  0x0000000054ba4800 JavaThread "Signal Dispatcher" daemon [_thread_blocked, id=13868, stack(0x00000000564b0000,0x00000000565b0000)]
  0x0000000054b8d000 JavaThread "Finalizer" daemon [_thread_blocked, id=12516, stack(0x0000000055f80000,0x0000000056080000)]
  0x0000000054b46000 JavaThread "Reference Handler" daemon [_thread_blocked, id=12676, stack(0x0000000055c40000,0x0000000055d40000)]
  0x0000000001f4e800 JavaThread "main" [_thread_blocked, id=12396, stack(0x00000000020d0000,0x00000000021d0000)]

Other Threads:
  0x0000000054b3e000 VMThread [stack: 0x0000000055d60000,0x0000000055e60000] [id=13508]
  0x00000000560e4000 WatcherThread [stack: 0x0000000056f30000,0x0000000057030000] [id=13504]

VM state:not at safepoint (normal execution)

VM Mutex/Monitor currently owned by a thread: None

Heap:
 PSYoungGen      total 38400K, used 24150K [0x00000000eab00000, 0x00000000ed580000, 0x0000000100000000)
  eden space 33280K, 57% used [0x00000000eab00000,0x00000000ebd982f0,0x00000000ecb80000)
  from space 5120K, 99% used [0x00000000ecb80000,0x00000000ed07d8d8,0x00000000ed080000)
  to   space 5120K, 0% used [0x00000000ed080000,0x00000000ed080000,0x00000000ed580000)
 ParOldGen       total 87552K, used 877K [0x00000000c0000000, 0x00000000c5580000, 0x00000000eab00000)
  object space 87552K, 1% used [0x00000000c0000000,0x00000000c00db7b8,0x00000000c5580000)
 Metaspace       used 6136K, capacity 7026K, committed 7296K, reserved 1056768K
  class space    used 603K, capacity 618K, committed 640K, reserved 1048576K

Card table byte_map: [0x0000000011860000,0x0000000011a70000] byte_map_base: 0x0000000011260000

Marking Bits: (ParMarkBitMap*) 0x00000000684f0600
 Begin Bits: [0x0000000011fb0000, 0x0000000012fb0000)
 End Bits:   [0x0000000012fb0000, 0x0000000013fb0000)

Polling page: 0x0000000000190000

CodeCache: size=245760Kb used=5839Kb max_used=5839Kb free=239920Kb
 bounds [0x00000000024a0000, 0x0000000002a60000, 0x00000000114a0000]
 total_blobs=1719 nmethods=1450 adapters=182
 compilation: enabled

Compilation events (10 events):
Event: 6.376 Thread 0x00000000560da800 1449       3       com.android.dx.ssa.LocalVariableExtractor::extract (14 bytes)
Event: 6.376 Thread 0x00000000560da800 nmethod 1449 0x0000000002a52890 code [0x0000000002a52a00, 0x0000000002a52bf8]
Event: 6.376 Thread 0x00000000560da800 1450       3       com.android.dx.ssa.LocalVariableExtractor::<init> (61 bytes)
Event: 6.377 Thread 0x00000000560da800 nmethod 1450 0x0000000002a52cd0 code [0x0000000002a52e80, 0x0000000002a53368]
Event: 6.377 Thread 0x00000000560da800 1451       3       com.android.dx.ssa.LocalVariableInfo::<init> (78 bytes)
Event: 6.378 Thread 0x00000000560da800 nmethod 1451 0x0000000002a53550 code [0x0000000002a53720, 0x0000000002a54108]
Event: 6.378 Thread 0x00000000560da800 1453       3       com.android.dx.ssa.SsaRenamer::run (34 bytes)
Event: 6.378 Thread 0x00000000560da800 nmethod 1453 0x0000000002a54510 code [0x0000000002a546a0, 0x0000000002a54ce8]
Event: 6.378 Thread 0x00000000560da800 1454       3       com.android.dx.ssa.LiteralOpUpgrader::run (21 bytes)
Event: 6.378 Thread 0x00000000560da800 nmethod 1454 0x0000000002a54ed0 code [0x0000000002a55060, 0x0000000002a55428]

GC Heap History (2 events):
Event: 4.375 GC heap before
{Heap before GC invocations=1 (full 0):
 PSYoungGen      total 38400K, used 33280K [0x00000000eab00000, 0x00000000ed580000, 0x0000000100000000)
  eden space 33280K, 100% used [0x00000000eab00000,0x00000000ecb80000,0x00000000ecb80000)
  from space 5120K, 0% used [0x00000000ed080000,0x00000000ed080000,0x00000000ed580000)
  to   space 5120K, 0% used [0x00000000ecb80000,0x00000000ecb80000,0x00000000ed080000)
 ParOldGen       total 87552K, used 0K [0x00000000c0000000, 0x00000000c5580000, 0x00000000eab00000)
  object space 87552K, 0% used [0x00000000c0000000,0x00000000c0000000,0x00000000c5580000)
 Metaspace       used 6031K, capacity 6898K, committed 7040K, reserved 1056768K
  class space    used 603K, capacity 618K, committed 640K, reserved 1048576K
Event: 4.644 GC heap after
Heap after GC invocations=1 (full 0):
 PSYoungGen      total 38400K, used 5110K [0x00000000eab00000, 0x00000000ed580000, 0x0000000100000000)
  eden space 33280K, 0% used [0x00000000eab00000,0x00000000eab00000,0x00000000ecb80000)
  from space 5120K, 99% used [0x00000000ecb80000,0x00000000ed07d8d8,0x00000000ed080000)
  to   space 5120K, 0% used [0x00000000ed080000,0x00000000ed080000,0x00000000ed580000)
 ParOldGen       total 87552K, used 877K [0x00000000c0000000, 0x00000000c5580000, 0x00000000eab00000)
  object space 87552K, 1% used [0x00000000c0000000,0x00000000c00db7b8,0x00000000c5580000)
 Metaspace       used 6031K, capacity 6898K, committed 7040K, reserved 1056768K
  class space    used 603K, capacity 618K, committed 640K, reserved 1048576K
}

Deoptimization events (10 events):
Event: 3.208 Thread 0x000000005642e800 Uncommon trap: reason=unstable_if action=reinterpret pc=0x00000000026b2c80 method=java.util.HashMap.getNode(ILjava/lang/Object;)Ljava/util/HashMap$Node; @ 62
Event: 3.222 Thread 0x00000000563a6800 Uncommon trap: reason=bimorphic action=maybe_recompile pc=0x00000000026abf64 method=java.util.HashMap.getNode(ILjava/lang/Object;)Ljava/util/HashMap$Node; @ 126
Event: 3.717 Thread 0x000000005642e800 Uncommon trap: reason=unstable_if action=reinterpret pc=0x0000000002785ab4 method=com.android.dx.rop.code.RegisterSpec.equals(ILcom/android/dx/rop/type/TypeBearer;Lcom/android/dx/rop/code/LocalItem;)Z @ 42
Event: 3.819 Thread 0x000000005642e800 Uncommon trap: reason=unstable_if action=reinterpret pc=0x00000000026abf28 method=java.util.HashMap.getNode(ILjava/lang/Object;)Ljava/util/HashMap$Node; @ 62
Event: 4.127 Thread 0x00000000563b0800 Uncommon trap: reason=unstable_if action=reinterpret pc=0x000000000282eb5c method=com.android.dx.rop.code.RegisterSpecSet.put(Lcom/android/dx/rop/code/RegisterSpec;)V @ 77
Event: 4.127 Thread 0x00000000563b0800 Uncommon trap: reason=unstable_if action=reinterpret pc=0x000000000283b198 method=com.android.dx.rop.code.RegisterSpecSet.put(Lcom/android/dx/rop/code/RegisterSpec;)V @ 77
Event: 5.013 Thread 0x00000000563b0800 Uncommon trap: reason=bimorphic action=maybe_recompile pc=0x00000000029a8d84 method=com.android.dx.cf.code.BytecodeArray.parseInstruction(ILcom/android/dx/cf/code/BytecodeArray$Visitor;)I @ 2484
Event: 5.013 Thread 0x00000000563b0800 Uncommon trap: reason=bimorphic action=maybe_recompile pc=0x00000000029a8d84 method=com.android.dx.cf.code.BytecodeArray.parseInstruction(ILcom/android/dx/cf/code/BytecodeArray$Visitor;)I @ 2484
Event: 5.408 Thread 0x00000000563b0800 Uncommon trap: reason=unstable_if action=reinterpret pc=0x00000000029efa74 method=com.android.dx.ssa.SCCP.simulateBranch(Lcom/android/dx/ssa/SsaInsn;)V @ 107
Event: 6.353 Thread 0x000000005642e800 Uncommon trap: reason=unstable_if action=reinterpret pc=0x0000000002846d84 method=com.android.dx.rop.cst.Constant.compareTo(Lcom/android/dx/rop/cst/Constant;)I @ 12

Internal exceptions (2 events):
Event: 0.793 Thread 0x0000000001f4e800 Exception <a 'java/lang/NoSuchMethodError': Method sun.misc.Unsafe.defineClass(Ljava/lang/String;[BII)Ljava/lang/Class; name or signature does not match> (0x00000000eab07cc0) thrown at [C:\re\workspace\8-2-build-windows-amd64-cygwin\jdk8u74\6087\hotspot\srFœ*£®_é?
Event: 0.793 Thread 0x0000000001f4e800 Exception <a 'java/lang/NoSuchMethodError': Method sun.misc.Unsafe.prefetchRead(Ljava/lang/Object;J)V name or signature does not match> (0x00000000eab07fa8) thrown at [C:\re\workspace\8-2-build-windows-amd64-cygwin\jdk8u74\6087\hotspot\src\share\vm\prims\j

Events (10 events):
Event: 5.013 Thread 0x00000000563b0800 DEOPT PACKING pc=0x00000000029a8d84 sp=0x000000005713ebe0
Event: 5.013 Thread 0x00000000563b0800 DEOPT UNPACKING pc=0x00000000024e582a sp=0x000000005713eb68 mode 2
Event: 5.408 Thread 0x00000000563b0800 Uncommon trap: trap_request=0xffffff65 fr.pc=0x00000000029efa74
Event: 5.408 Thread 0x00000000563b0800 DEOPT PACKING pc=0x00000000029efa74 sp=0x000000005713edc0
Event: 5.408 Thread 0x00000000563b0800 DEOPT UNPACKING pc=0x00000000024e582a sp=0x000000005713ed78 mode 2
Event: 5.997 Executing VM operation: EnableBiasedLocking
Event: 5.997 Executing VM operation: EnableBiasedLocking done
Event: 6.353 Thread 0x000000005642e800 Uncommon trap: trap_request=0xffffff65 fr.pc=0x0000000002846d84
Event: 6.353 Thread 0x000000005642e800 DEOPT PACKING pc=0x0000000002846d84 sp=0x000000005725e400
Event: 6.353 Thread 0x000000005642e800 DEOPT UNPACKING pc=0x00000000024e582a sp=0x000000005725e3a0 mode 2


Dynamic libraries:
0x000000013f490000 - 0x000000013f4c7000 	C:\Program Files\Java\jdk1.8.0_74\bin\java.exe
0x0000000077a90000 - 0x0000000077c3a000 	C:\Windows\SYSTEM32\ntdll.dll
0x0000000077870000 - 0x000000007798f000 	C:\Windows\system32\kernel32.dll
0x000007fefda50000 - 0x000007fefdaba000 	C:\Windows\system32\KERNELBASE.dll
0x000007feffac0000 - 0x000007feffb9b000 	C:\Windows\system32\ADVAPI32.dll
0x000007feffd00000 - 0x000007feffd9f000 	C:\Windows\system32\msvcrt.dll
0x000007fefea00000 - 0x000007fefea1f000 	C:\Windows\SYSTEM32\sechost.dll
0x000007feff010000 - 0x000007feff13d000 	C:\Windows\system32\RPCRT4.dll
0x0000000077990000 - 0x0000000077a8a000 	C:\Windows\system32\USER32.dll
0x000007fefef90000 - 0x000007fefeff7000 	C:\Windows\system32\GDI32.dll
0x000007feff000000 - 0x000007feff00e000 	C:\Windows\system32\LPK.dll
0x000007fefea20000 - 0x000007fefeaea000 	C:\Windows\system32\USP10.dll
0x000007fefc830000 - 0x000007fefca24000 	C:\Windows\WinSxS\amd64_microsoft.windows.common-controls_6595b64144ccf1df_6.0.7601.18837_none_fa3b1e3d17594757\COMCTL32.dll
0x000007feffba0000 - 0x000007feffc11000 	C:\Windows\system32\SHLWAPI.dll
0x000007feffc30000 - 0x000007feffc5e000 	C:\Windows\system32\IMM32.DLL
0x000007feff5f0000 - 0x000007feff6f9000 	C:\Windows\system32\MSCTF.dll
0x000000005eda0000 - 0x000000005ee72000 	C:\Program Files\Java\jdk1.8.0_74\jre\bin\msvcr100.dll
0x0000000067ce0000 - 0x0000000068570000 	C:\Program Files\Java\jdk1.8.0_74\jre\bin\server\jvm.dll
0x000007fefb070000 - 0x000007fefb079000 	C:\Windows\system32\WSOCK32.dll
0x000007feff5a0000 - 0x000007feff5ed000 	C:\Windows\system32\WS2_32.dll
0x000007feffc20000 - 0x000007feffc28000 	C:\Windows\system32\NSI.dll
0x000007fefb7f0000 - 0x000007fefb82b000 	C:\Windows\system32\WINMM.dll
0x000007fefc590000 - 0x000007fefc59c000 	C:\Windows\system32\VERSION.dll
0x0000000077c50000 - 0x0000000077c57000 	C:\Windows\system32\PSAPI.DLL
0x000000006f7e0000 - 0x000000006f7ef000 	C:\Program Files\Java\jdk1.8.0_74\jre\bin\verify.dll
0x000000006f230000 - 0x000000006f259000 	C:\Program Files\Java\jdk1.8.0_74\jre\bin\java.dll
0x000000006f210000 - 0x000000006f226000 	C:\Program Files\Java\jdk1.8.0_74\jre\bin\zip.dll
0x000007fefdc70000 - 0x000007fefe9f9000 	C:\Windows\system32\SHELL32.dll
0x000007fefeaf0000 - 0x000007fefecf3000 	C:\Windows\system32\ole32.dll
0x000007fefd820000 - 0x000007fefd82f000 	C:\Windows\system32\profapi.dll

VM Arguments:
jvm_args: -Djava.awt.headless=true -Xmx1024M -Dfile.encoding=windows-1252 -Duser.country=US -Duser.language=en -Duser.variant 
java_command: com.android.dx.command.Main --dex --force-jumbo --num-threads=4 --multi-dex --output C:\Anirudh\Learn\Udacity\AndroidBasics\InventoryApp\app\build\intermediates\transforms\dex\debug\folders\1000\10\com.android.support-appcompat-v7-24.0.0_2bc01a1ad636aaa034f02bf22c49fbb2bc76af4f C:\Anirudh\Learn\Udacity\AndroidBasics\InventoryApp\app\build\intermediates\exploded-aar\com.android.support\appcompat-v7\24.0.0\jars\classes.jar
java_class_path (initial): C:\Users\anirudha.joshi\AppData\Local\Android\sdk\build-tools\23.0.3\lib\dx.jar
Launcher Type: SUN_STANDARD

Environment Variables:
PATH=C:\ProgramData\Oracle\Java\javapath;c:\Program Files (x86)\Intel\iCLS Client\;c:\Program Files\Intel\iCLS Client\;C:\Windows\SYSTEM32;C:\Windows;C:\Windows\SYSTEM32\WBEM;C:\Windows\SYSTEM32\WINDOWSPOWERSHELL\V1.0\;C:\PROGRAM FILES (X86)\ATI TECHNOLOGIES\ATI.ACE\CORE-STATIC;C:\PROGRAM FILES (X86)\COMMON FILES\ROXIO SHARED\OEM\DLLSHARED\;C:\PROGRAM FILES (X86)\COMMON FILES\ROXIO SHARED\OEM\DLLSHARED\;C:\PROGRAM FILES (X86)\COMMON FILES\ROXIO SHARED\OEM\12.0\DLLSHARED\;C:\PROGRAM FILES (X86)\ROXIO\OEM\AUDIOCORE\;C:\PROGRAM FILES (X86)\INTEL\SERVICES\IPT\;c:\Program Files\WIDCOMM\Bluetooth Software\;c:\Program Files\WIDCOMM\Bluetooth Software\syswow64;C:\Program Files\Intel\Intel(R) Management Engine Components\DAL;C:\Program Files\Intel\Intel(R) Management Engine Components\IPT;C:\Program Files (x86)\Intel\Intel(R) Management Engine Components\DAL;C:\Program Files (x86)\Intel\Intel(R) Management Engine Components\IPT;C:\Program Files (x86)\Microsoft SQL Server\100\Tools\Binn\;C:\Program Files\Microsoft SQL Server\100\Tools\Binn\;C:\Program Files\Microsoft SQL Server\100\DTS\Binn\;C:\Program Files (x86)\Microsoft SQL Server\100\Tools\Binn\VSShell\Common7\IDE\;C:\Program Files (x86)\Microsoft Visual Studio 9.0\Common7\IDE\PrivateAssemblies\;C:\Program Files (x86)\Microsoft SQL Server\100\DTS\Binn\;c:\Program Files\Microsoft SQL Server\110\Tools\Binn\;c:\Program Files (x86)\Microsoft SQL Server\110\Tools\Binn\;c:\Program Files\Microsoft SQL Server\110\DTS\Binn\;c:\Program Files (x86)\Microsoft SQL Server\110\Tools\Binn\ManagementStudio\;c:\Program Files (x86)\Microsoft SQL Server\110\DTS\Binn\;C:\opscode\chef\bin\;C:\Program Files\Microsoft SQL Server\130\Tools\Binn\;C:\Anirudh\Learn\Udacity\Python\Scripts\;C:\Anirudh\Learn\Udacity\Python\;C:\Chocolatey\bin;C:\Users\anirudha.joshi\AppData\Roaming\scriptcs;c:\Inveshare\projects\xsd;
USERNAME=anirudha.joshi
OS=Windows_NT
PROCESSOR_IDENTIFIER=Intel64 Family 6 Model 69 Stepping 1, GenuineIntel



---------------  S Y S T E M  ---------------

OS: Windows 7 , 64 bit Build 7601 (6.1.7601.23418)

CPU:total 4 (2 cores per cpu, 2 threads per core) family 6 model 69 stepping 1, cmov, cx8, fxsr, mmx, sse, sse2, sse3, ssse3, sse4.1, sse4.2, popcnt, avx, avx2, aes, clmul, erms, lzcnt, ht, tsc, tscinvbit, bmi1, bmi2

Memory: 4k page, physical 8283248k(112640k free), swap 12475692k(4868k free)

vm_info: Java HotSpot(TM) 64-Bit Server VM (25.74-b02) for windows-amd64 JRE (1.8.0_74-b02), built on Jan 29 2016 17:42:36 by "java_re" with MS VC++ 10.0 (VS2010)

time: Sun Jul 17 16:26:45 2016
elapsed time: 6 seconds (0d 0h 0m 6s)

