#
# There is insufficient memory for the Java Runtime Environment to continue.
# Native memory allocation (malloc) failed to allocate 204176 bytes for Chunk::new
# Possible reasons:
#   The system is out of physical RAM or swap space
#   In 32 bit mode, the process size limit was hit
# Possible solutions:
#   Reduce memory load on the system
#   Increase physical memory or swap space
#   Check if swap backing store is full
#   Use 64 bit Java on a 64 bit OS
#   Decrease Java heap size (-Xmx/-Xms)
#   Decrease number of Java threads
#   Decrease Java thread stack sizes (-Xss)
#   Set larger code cache with -XX:ReservedCodeCacheSize=
# This output file may be truncated or incomplete.
#
#  Out of Memory Error (allocation.cpp:390), pid=11084, tid=2996
#
# JRE version: Java(TM) SE Runtime Environment (8.0_74-b02) (build 1.8.0_74-b02)
# Java VM: Java HotSpot(TM) 64-Bit Server VM (25.74-b02 mixed mode windows-amd64 compressed oops)
# Failed to write core dump. Minidumps are not enabled by default on client versions of Windows
#

---------------  T H R E A D  ---------------

Current thread (0x0000000056558000):  JavaThread "C2 CompilerThread1" daemon [_thread_in_native, id=2996, stack(0x0000000056960000,0x0000000056a60000)]

Stack: [0x0000000056960000,0x0000000056a60000]
[error occurred during error reporting (printing stack bounds), id 0xc0000005]

Native frames: (J=compiled Java code, j=interpreted, Vv=VM code, C=native code)


Current CompileTask:
C2:   2389  891   !   4       com.android.dx.rop.code.RegisterSpec::intern (70 bytes)


---------------  P R O C E S S  ---------------

Java Threads: ( => current thread )
  0x00000000568ad800 JavaThread "pool-2-thread-4" [_thread_blocked, id=12100, stack(0x0000000057620000,0x0000000057720000)]
  0x00000000568ab000 JavaThread "pool-2-thread-3" [_thread_blocked, id=9580, stack(0x0000000057310000,0x0000000057410000)]
  0x0000000056786800 JavaThread "pool-2-thread-2" [_thread_blocked, id=8868, stack(0x0000000057470000,0x0000000057570000)]
  0x0000000056786000 JavaThread "pool-3-thread-1" [_thread_blocked, id=12000, stack(0x00000000571e0000,0x00000000572e0000)]
  0x0000000056783000 JavaThread "pool-2-thread-1" [_thread_blocked, id=12076, stack(0x0000000057070000,0x0000000057170000)]
  0x000000005655a800 JavaThread "Service Thread" daemon [_thread_blocked, id=12224, stack(0x0000000056d70000,0x0000000056e70000)]
  0x0000000056558800 JavaThread "C1 CompilerThread2" daemon [_thread_blocked, id=3896, stack(0x0000000056ba0000,0x0000000056ca0000)]
=>0x0000000056558000 JavaThread "C2 CompilerThread1" daemon [_thread_in_native, id=2996, stack(0x0000000056960000,0x0000000056a60000)]
  0x0000000054c92000 JavaThread "C2 CompilerThread0" daemon [_thread_blocked, id=984, stack(0x00000000560d0000,0x00000000561d0000)]
  0x0000000054c9f800 JavaThread "Attach Listener" daemon [_thread_blocked, id=3636, stack(0x0000000056400000,0x0000000056500000)]
  0x0000000054c9e000 JavaThread "Signal Dispatcher" daemon [_thread_blocked, id=10160, stack(0x0000000056230000,0x0000000056330000)]
  0x0000000054c7b000 JavaThread "Finalizer" daemon [_thread_blocked, id=12156, stack(0x0000000055f70000,0x0000000056070000)]
  0x0000000054c34000 JavaThread "Reference Handler" daemon [_thread_blocked, id=11824, stack(0x0000000055c90000,0x0000000055d90000)]
  0x0000000001f5e800 JavaThread "main" [_thread_blocked, id=11680, stack(0x0000000002210000,0x0000000002310000)]

Other Threads:
  0x0000000054c2c000 VMThread [stack: 0x0000000055dd0000,0x0000000055ed0000] [id=11820]
  0x000000005656d000 WatcherThread [stack: 0x0000000056ec0000,0x0000000056fc0000] [id=11972]

VM state:not at safepoint (normal execution)

VM Mutex/Monitor currently owned by a thread: None

Heap:
 PSYoungGen      total 38400K, used 22233K [0x00000000eab00000, 0x00000000ed580000, 0x0000000100000000)
  eden space 33280K, 66% used [0x00000000eab00000,0x00000000ec0b67f0,0x00000000ecb80000)
  from space 5120K, 0% used [0x00000000ed080000,0x00000000ed080000,0x00000000ed580000)
  to   space 5120K, 0% used [0x00000000ecb80000,0x00000000ecb80000,0x00000000ed080000)
 ParOldGen       total 87552K, used 0K [0x00000000c0000000, 0x00000000c5580000, 0x00000000eab00000)
  object space 87552K, 0% used [0x00000000c0000000,0x00000000c0000000,0x00000000c5580000)
 Metaspace       used 5756K, capacity 6704K, committed 6784K, reserved 1056768K
  class space    used 595K, capacity 616K, committed 640K, reserved 1048576K

Card table byte_map: [0x00000000119a0000,0x0000000011bb0000] byte_map_base: 0x00000000113a0000

Marking Bits: (ParMarkBitMap*) 0x00000000622b0600
 Begin Bits: [0x00000000120a0000, 0x00000000130a0000)
 End Bits:   [0x00000000130a0000, 0x00000000140a0000)

Polling page: 0x00000000004a0000

CodeCache: size=245760Kb used=3633Kb max_used=3633Kb free=242126Kb
 bounds [0x00000000025e0000, 0x0000000002970000, 0x00000000115e0000]
 total_blobs=1152 nmethods=883 adapters=182
 compilation: enabled

Compilation events (10 events):
Event: 2.345 Thread 0x0000000056558800  893       3       com.android.dx.dex.code.RopTranslator$LocalVariableAwareTranslationVisitor::visitPlainInsn (11 bytes)
Event: 2.346 Thread 0x0000000056558800 nmethod 893 0x0000000002966310 code [0x0000000002966520, 0x0000000002967058]
Event: 2.346 Thread 0x0000000056558800  894       3       com.android.dx.dex.code.RopTranslator$TranslationVisitor::visitPlainInsn (161 bytes)
Event: 2.348 Thread 0x0000000056558800 nmethod 894 0x0000000002969110 code [0x00000000029693a0, 0x000000000296a6f8]
Event: 2.348 Thread 0x0000000056558800  890       3       com.android.dx.ssa.SCCP::setLatticeValueTo (67 bytes)
Event: 2.348 Thread 0x0000000056558800 nmethod 890 0x000000000296b190 code [0x000000000296b340, 0x000000000296b8a8]
Event: 2.348 Thread 0x0000000056558800  874       1       com.android.dx.ssa.SsaInsn::isNormalMoveInsn (2 bytes)
Event: 2.348 Thread 0x0000000056558800 nmethod 874 0x0000000002965f90 code [0x00000000029660e0, 0x00000000029661f0]
Event: 2.348 Thread 0x0000000056558800  889       1       com.android.dx.cf.attrib.AttSourceFile::getSourceFile (5 bytes)
Event: 2.348 Thread 0x0000000056558800 nmethod 889 0x000000000296bc10 code [0x000000000296bd60, 0x000000000296be70]

GC Heap History (0 events):
No events

Deoptimization events (2 events):
Event: 1.100 Thread 0x0000000001f5e800 Uncommon trap: reason=unstable_if action=reinterpret pc=0x0000000002726544 method=java.lang.String.compareTo(Ljava/lang/String;)I @ 38
Event: 1.501 Thread 0x00000000568ad800 Uncommon trap: reason=unstable_if action=reinterpret pc=0x00000000027c2f90 method=java.util.HashMap.getNode(ILjava/lang/Object;)Ljava/util/HashMap$Node; @ 129

Internal exceptions (2 events):
Event: 0.341 Thread 0x0000000001f5e800 Exception <a 'java/lang/NoSuchMethodError': Method sun.misc.Unsafe.defineClass(Ljava/lang/String;[BII)Ljava/lang/Class; name or signature does not match> (0x00000000eab07cc0) thrown at [C:\re\workspace\8-2-build-windows-amd64-cygwin\jdk8u74\6087\hotspot\sr‹Ú@BÖäÕ?
Event: 0.342 Thread 0x0000000001f5e800 Exception <a 'java/lang/NoSuchMethodError': Method sun.misc.Unsafe.prefetchRead(Ljava/lang/Object;J)V name or signature does not match> (0x00000000eab07fa8) thrown at [C:\re\workspace\8-2-build-windows-amd64-cygwin\jdk8u74\6087\hotspot\src\share\vm\prims\j

Events (10 events):
Event: 1.501 Thread 0x00000000568ad800 DEOPT PACKING pc=0x00000000027c2f90 sp=0x000000005771e700
Event: 1.501 Thread 0x00000000568ad800 DEOPT UNPACKING pc=0x000000000262582a sp=0x000000005771e678 mode 2
Event: 1.932 loading class com/android/dx/cf/attrib/AttLocalVariableTypeTable
Event: 1.932 loading class com/android/dx/cf/attrib/AttLocalVariableTypeTable done
Event: 1.965 loading class com/android/dx/dex/file/MethodAnnotationStruct
Event: 1.965 loading class com/android/dx/dex/file/MethodAnnotationStruct done
Event: 2.028 loading class java/util/ArrayList$1
Event: 2.028 loading class java/util/ArrayList$1 done
Event: 2.196 loading class com/android/dx/cf/attrib/AttExceptions
Event: 2.196 loading class com/android/dx/cf/attrib/AttExceptions done


Dynamic libraries:
0x000000013f390000 - 0x000000013f3c7000 	C:\Program Files\Java\jdk1.8.0_74\bin\java.exe
0x0000000076d80000 - 0x0000000076f2a000 	C:\Windows\SYSTEM32\ntdll.dll
0x0000000076b60000 - 0x0000000076c7f000 	C:\Windows\system32\kernel32.dll
0x000007fefcc40000 - 0x000007fefccaa000 	C:\Windows\system32\KERNELBASE.dll
0x000007fefe7a0000 - 0x000007fefe87b000 	C:\Windows\system32\ADVAPI32.dll
0x000007fefe880000 - 0x000007fefe91f000 	C:\Windows\system32\msvcrt.dll
0x000007fefe0a0000 - 0x000007fefe0bf000 	C:\Windows\SYSTEM32\sechost.dll
0x000007fefe510000 - 0x000007fefe63d000 	C:\Windows\system32\RPCRT4.dll
0x0000000076c80000 - 0x0000000076d7a000 	C:\Windows\system32\USER32.dll
0x000007fefcec0000 - 0x000007fefcf27000 	C:\Windows\system32\GDI32.dll
0x000007fefe9c0000 - 0x000007fefe9ce000 	C:\Windows\system32\LPK.dll
0x000007fefea00000 - 0x000007fefeaca000 	C:\Windows\system32\USP10.dll
0x000007fefbb60000 - 0x000007fefbd54000 	C:\Windows\WinSxS\amd64_microsoft.windows.common-controls_6595b64144ccf1df_6.0.7601.18837_none_fa3b1e3d17594757\COMCTL32.dll
0x000007fefe2a0000 - 0x000007fefe311000 	C:\Windows\system32\SHLWAPI.dll
0x000007fefe9d0000 - 0x000007fefe9fe000 	C:\Windows\system32\IMM32.DLL
0x000007fefdf90000 - 0x000007fefe099000 	C:\Windows\system32\MSCTF.dll
0x000000006af00000 - 0x000000006afd2000 	C:\Program Files\Java\jdk1.8.0_74\jre\bin\msvcr100.dll
0x0000000061aa0000 - 0x0000000062330000 	C:\Program Files\Java\jdk1.8.0_74\jre\bin\server\jvm.dll
0x000007fefaab0000 - 0x000007fefaab9000 	C:\Windows\system32\WSOCK32.dll
0x000007fefe4c0000 - 0x000007fefe50d000 	C:\Windows\system32\WS2_32.dll
0x000007fefe4b0000 - 0x000007fefe4b8000 	C:\Windows\system32\NSI.dll
0x000007fefb4f0000 - 0x000007fefb52b000 	C:\Windows\system32\WINMM.dll
0x000007fefb880000 - 0x000007fefb88c000 	C:\Windows\system32\VERSION.dll
0x0000000076f40000 - 0x0000000076f47000 	C:\Windows\system32\PSAPI.DLL
0x000000006bd20000 - 0x000000006bd2f000 	C:\Program Files\Java\jdk1.8.0_74\jre\bin\verify.dll
0x000000006abf0000 - 0x000000006ac19000 	C:\Program Files\Java\jdk1.8.0_74\jre\bin\java.dll
0x000000006abd0000 - 0x000000006abe6000 	C:\Program Files\Java\jdk1.8.0_74\jre\bin\zip.dll
0x000007fefd140000 - 0x000007fefdec9000 	C:\Windows\system32\SHELL32.dll
0x000007fefcf30000 - 0x000007fefd133000 	C:\Windows\system32\ole32.dll
0x000007fefcb00000 - 0x000007fefcb0f000 	C:\Windows\system32\profapi.dll

VM Arguments:
jvm_args: -Djava.awt.headless=true -Xmx1024M -Dfile.encoding=windows-1252 -Duser.country=US -Duser.language=en -Duser.variant 
java_command: com.android.dx.command.Main --dex --force-jumbo --num-threads=4 --multi-dex --output C:\Anirudh\Learn\Udacity\AndroidBasics\InventoryApp\app\build\intermediates\transforms\dex\debug\folders\1000\10\internal_impl-24.0.0_99897c720b7a33c5e55b410c2ed671fb4851e753 C:\Anirudh\Learn\Udacity\AndroidBasics\InventoryApp\app\build\intermediates\exploded-aar\com.android.support\support-v4\24.0.0\jars\libs\internal_impl-24.0.0.jar
java_class_path (initial): C:\Users\anirudha.joshi\AppData\Local\Android\sdk\build-tools\23.0.3\lib\dx.jar
Launcher Type: SUN_STANDARD

Environment Variables:
PATH=C:\ProgramData\Oracle\Java\javapath;c:\Program Files (x86)\Intel\iCLS Client\;c:\Program Files\Intel\iCLS Client\;C:\Windows\SYSTEM32;C:\Windows;C:\Windows\SYSTEM32\WBEM;C:\Windows\SYSTEM32\WINDOWSPOWERSHELL\V1.0\;C:\PROGRAM FILES (X86)\ATI TECHNOLOGIES\ATI.ACE\CORE-STATIC;C:\PROGRAM FILES (X86)\COMMON FILES\ROXIO SHARED\OEM\DLLSHARED\;C:\PROGRAM FILES (X86)\COMMON FILES\ROXIO SHARED\OEM\DLLSHARED\;C:\PROGRAM FILES (X86)\COMMON FILES\ROXIO SHARED\OEM\12.0\DLLSHARED\;C:\PROGRAM FILES (X86)\ROXIO\OEM\AUDIOCORE\;C:\PROGRAM FILES (X86)\INTEL\SERVICES\IPT\;c:\Program Files\WIDCOMM\Bluetooth Software\;c:\Program Files\WIDCOMM\Bluetooth Software\syswow64;C:\Program Files\Intel\Intel(R) Management Engine Components\DAL;C:\Program Files\Intel\Intel(R) Management Engine Components\IPT;C:\Program Files (x86)\Intel\Intel(R) Management Engine Components\DAL;C:\Program Files (x86)\Intel\Intel(R) Management Engine Components\IPT;C:\Program Files (x86)\Microsoft SQL Server\100\Tools\Binn\;C:\Program Files\Microsoft SQL Server\100\Tools\Binn\;C:\Program Files\Microsoft SQL Server\100\DTS\Binn\;C:\Program Files (x86)\Microsoft SQL Server\100\Tools\Binn\VSShell\Common7\IDE\;C:\Program Files (x86)\Microsoft Visual Studio 9.0\Common7\IDE\PrivateAssemblies\;C:\Program Files (x86)\Microsoft SQL Server\100\DTS\Binn\;c:\Program Files\Microsoft SQL Server\110\Tools\Binn\;c:\Program Files (x86)\Microsoft SQL Server\110\Tools\Binn\;c:\Program Files\Microsoft SQL Server\110\DTS\Binn\;c:\Program Files (x86)\Microsoft SQL Server\110\Tools\Binn\ManagementStudio\;c:\Program Files (x86)\Microsoft SQL Server\110\DTS\Binn\;C:\opscode\chef\bin\;C:\Program Files\Microsoft SQL Server\130\Tools\Binn\;C:\Anirudh\Learn\Udacity\Python\Scripts\;C:\Anirudh\Learn\Udacity\Python\;C:\Chocolatey\bin;C:\Users\anirudha.joshi\AppData\Roaming\scriptcs;c:\Inveshare\projects\xsd;
USERNAME=anirudha.joshi
OS=Windows_NT
PROCESSOR_IDENTIFIER=Intel64 Family 6 Model 69 Stepping 1, GenuineIntel



---------------  S Y S T E M  ---------------

OS: Windows 7 , 64 bit Build 7601 (6.1.7601.23418)

CPU:total 4 (2 cores per cpu, 2 threads per core) family 6 model 69 stepping 1, cmov, cx8, fxsr, mmx, sse, sse2, sse3, ssse3, sse4.1, sse4.2, popcnt, avx, avx2, aes, clmul, erms, lzcnt, ht, tsc, tscinvbit, bmi1, bmi2

Memory: 4k page, physical 8283248k(147484k free), swap 12475692k(209592k free)

vm_info: Java HotSpot(TM) 64-Bit Server VM (25.74-b02) for windows-amd64 JRE (1.8.0_74-b02), built on Jan 29 2016 17:42:36 by "java_re" with MS VC++ 10.0 (VS2010)

time: Mon Jul 18 11:32:23 2016
elapsed time: 2 seconds (0d 0h 0m 2s)

